{"/Users/neilypie/FinalProject/frontend/src/App.js": {"path":"/Users/neilypie/FinalProject/frontend/src/App.js","statementMap":{"0":{"start":{"line":17,"column":2},"end":{"line":71,"column":4}}},"fnMap":{"0":{"name":"App","decl":{"start":{"line":16,"column":9},"end":{"line":16,"column":12}},"loc":{"start":{"line":16,"column":15},"end":{"line":72,"column":1}},"line":16}},"branchMap":{},"s":{"0":0},"f":{"0":0},"b":{}}
,"/Users/neilypie/FinalProject/frontend/src/index.js": {"path":"/Users/neilypie/FinalProject/frontend/src/index.js","statementMap":{"0":{"start":{"line":5,"column":13},"end":{"line":5,"column":65}},"1":{"start":{"line":6,"column":0},"end":{"line":10,"column":2}}},"fnMap":{},"branchMap":{},"s":{"0":0,"1":0},"f":{},"b":{}}
,"/Users/neilypie/FinalProject/frontend/src/components/ChangePreview.js": {"path":"/Users/neilypie/FinalProject/frontend/src/components/ChangePreview.js","statementMap":{"0":{"start":{"line":5,"column":2},"end":{"line":94,"column":4}},"1":{"start":{"line":7,"column":52},"end":{"line":7,"column":71}},"2":{"start":{"line":27,"column":14},"end":{"line":65,"column":20}}},"fnMap":{"0":{"name":"ChangePreview","decl":{"start":{"line":4,"column":9},"end":{"line":4,"column":22}},"loc":{"start":{"line":4,"column":71},"end":{"line":95,"column":1}},"line":4},"1":{"name":"(anonymous_1)","decl":{"start":{"line":7,"column":45},"end":{"line":7,"column":46}},"loc":{"start":{"line":7,"column":52},"end":{"line":7,"column":71}},"line":7},"2":{"name":"(anonymous_2)","decl":{"start":{"line":26,"column":25},"end":{"line":26,"column":26}},"loc":{"start":{"line":27,"column":14},"end":{"line":65,"column":20}},"line":27}},"branchMap":{"0":{"loc":{"start":{"line":29,"column":19},"end":{"line":37,"column":38}},"type":"cond-expr","locations":[{"start":{"line":30,"column":22},"end":{"line":30,"column":34}},{"start":{"line":31,"column":22},"end":{"line":37,"column":38}}],"line":29},"1":{"loc":{"start":{"line":31,"column":22},"end":{"line":37,"column":38}},"type":"cond-expr","locations":[{"start":{"line":32,"column":22},"end":{"line":32,"column":33}},{"start":{"line":33,"column":22},"end":{"line":37,"column":38}}],"line":31},"2":{"loc":{"start":{"line":33,"column":22},"end":{"line":37,"column":38}},"type":"cond-expr","locations":[{"start":{"line":34,"column":22},"end":{"line":34,"column":37}},{"start":{"line":35,"column":22},"end":{"line":37,"column":38}}],"line":33},"3":{"loc":{"start":{"line":35,"column":22},"end":{"line":37,"column":38}},"type":"cond-expr","locations":[{"start":{"line":36,"column":22},"end":{"line":36,"column":39}},{"start":{"line":37,"column":22},"end":{"line":37,"column":38}}],"line":35},"4":{"loc":{"start":{"line":43,"column":21},"end":{"line":49,"column":21}},"type":"cond-expr","locations":[{"start":{"line":44,"column":22},"end":{"line":46,"column":29}},{"start":{"line":48,"column":22},"end":{"line":48,"column":77}}],"line":43},"5":{"loc":{"start":{"line":45,"column":25},"end":{"line":45,"column":78}},"type":"cond-expr","locations":[{"start":{"line":45,"column":54},"end":{"line":45,"column":64}},{"start":{"line":45,"column":67},"end":{"line":45,"column":78}}],"line":45},"6":{"loc":{"start":{"line":56,"column":21},"end":{"line":62,"column":21}},"type":"cond-expr","locations":[{"start":{"line":57,"column":22},"end":{"line":59,"column":29}},{"start":{"line":61,"column":22},"end":{"line":61,"column":77}}],"line":56},"7":{"loc":{"start":{"line":58,"column":25},"end":{"line":58,"column":78}},"type":"cond-expr","locations":[{"start":{"line":58,"column":54},"end":{"line":58,"column":64}},{"start":{"line":58,"column":67},"end":{"line":58,"column":78}}],"line":58},"8":{"loc":{"start":{"line":89,"column":13},"end":{"line":89,"column":59}},"type":"cond-expr","locations":[{"start":{"line":89,"column":28},"end":{"line":89,"column":39}},{"start":{"line":89,"column":42},"end":{"line":89,"column":59}}],"line":89}},"s":{"0":0,"1":0,"2":0},"f":{"0":0,"1":0,"2":0},"b":{"0":[0,0],"1":[0,0],"2":[0,0],"3":[0,0],"4":[0,0],"5":[0,0],"6":[0,0],"7":[0,0],"8":[0,0]}}
,"/Users/neilypie/FinalProject/frontend/src/components/Dashboard.js": {"path":"/Users/neilypie/FinalProject/frontend/src/components/Dashboard.js","statementMap":{"0":{"start":{"line":9,"column":18},"end":{"line":102,"column":1}},"1":{"start":{"line":10,"column":36},"end":{"line":10,"column":45}},"2":{"start":{"line":11,"column":19},"end":{"line":11,"column":32}},"3":{"start":{"line":13,"column":2},"end":{"line":21,"column":3}},"4":{"start":{"line":14,"column":4},"end":{"line":20,"column":6}},"5":{"start":{"line":23,"column":27},"end":{"line":25,"column":3}},"6":{"start":{"line":24,"column":4},"end":{"line":24,"column":21}},"7":{"start":{"line":27,"column":2},"end":{"line":101,"column":4}}},"fnMap":{"0":{"name":"(anonymous_0)","decl":{"start":{"line":9,"column":18},"end":{"line":9,"column":19}},"loc":{"start":{"line":9,"column":24},"end":{"line":102,"column":1}},"line":9},"1":{"name":"(anonymous_1)","decl":{"start":{"line":23,"column":27},"end":{"line":23,"column":28}},"loc":{"start":{"line":23,"column":37},"end":{"line":25,"column":3}},"line":23}},"branchMap":{"0":{"loc":{"start":{"line":13,"column":2},"end":{"line":21,"column":3}},"type":"if","locations":[{"start":{"line":13,"column":2},"end":{"line":21,"column":3}},{"start":{},"end":{}}],"line":13},"1":{"loc":{"start":{"line":13,"column":6},"end":{"line":13,"column":31}},"type":"binary-expr","locations":[{"start":{"line":13,"column":6},"end":{"line":13,"column":22}},{"start":{"line":13,"column":26},"end":{"line":13,"column":31}}],"line":13},"2":{"loc":{"start":{"line":44,"column":36},"end":{"line":44,"column":55}},"type":"binary-expr","locations":[{"start":{"line":44,"column":36},"end":{"line":44,"column":43}},{"start":{"line":44,"column":47},"end":{"line":44,"column":55}}],"line":44},"3":{"loc":{"start":{"line":48,"column":35},"end":{"line":48,"column":54}},"type":"binary-expr","locations":[{"start":{"line":48,"column":35},"end":{"line":48,"column":42}},{"start":{"line":48,"column":46},"end":{"line":48,"column":54}}],"line":48},"4":{"loc":{"start":{"line":63,"column":13},"end":{"line":74,"column":13}},"type":"binary-expr","locations":[{"start":{"line":63,"column":13},"end":{"line":63,"column":34}},{"start":{"line":64,"column":14},"end":{"line":73,"column":20}}],"line":63},"5":{"loc":{"start":{"line":75,"column":13},"end":{"line":88,"column":13}},"type":"binary-expr","locations":[{"start":{"line":75,"column":13},"end":{"line":75,"column":27}},{"start":{"line":76,"column":14},"end":{"line":87,"column":20}}],"line":75}},"s":{"0":0,"1":0,"2":0,"3":0,"4":0,"5":0,"6":0,"7":0},"f":{"0":0,"1":0},"b":{"0":[0,0],"1":[0,0],"2":[0,0],"3":[0,0],"4":[0,0],"5":[0,0]}}
,"/Users/neilypie/FinalProject/frontend/src/components/FavoriteTeams.js": {"path":"/Users/neilypie/FinalProject/frontend/src/components/FavoriteTeams.js","statementMap":{"0":{"start":{"line":5,"column":22},"end":{"line":138,"column":1}},"1":{"start":{"line":6,"column":65},"end":{"line":6,"column":89}},"2":{"start":{"line":7,"column":40},"end":{"line":7,"column":55}},"3":{"start":{"line":8,"column":34},"end":{"line":8,"column":72}},"4":{"start":{"line":9,"column":36},"end":{"line":9,"column":48}},"5":{"start":{"line":10,"column":38},"end":{"line":10,"column":53}},"6":{"start":{"line":11,"column":46},"end":{"line":11,"column":60}},"7":{"start":{"line":13,"column":24},"end":{"line":32,"column":3}},"8":{"start":{"line":14,"column":4},"end":{"line":14,"column":23}},"9":{"start":{"line":15,"column":4},"end":{"line":15,"column":21}},"10":{"start":{"line":17,"column":4},"end":{"line":20,"column":5}},"11":{"start":{"line":18,"column":6},"end":{"line":18,"column":62}},"12":{"start":{"line":19,"column":6},"end":{"line":19,"column":13}},"13":{"start":{"line":22,"column":4},"end":{"line":22,"column":24}},"14":{"start":{"line":23,"column":4},"end":{"line":31,"column":5}},"15":{"start":{"line":24,"column":6},"end":{"line":24,"column":70}},"16":{"start":{"line":25,"column":6},"end":{"line":25,"column":48}},"17":{"start":{"line":26,"column":6},"end":{"line":26,"column":28}},"18":{"start":{"line":28,"column":6},"end":{"line":28,"column":72}},"19":{"start":{"line":30,"column":6},"end":{"line":30,"column":27}},"20":{"start":{"line":34,"column":27},"end":{"line":45,"column":18}},"21":{"start":{"line":35,"column":4},"end":{"line":44,"column":5}},"22":{"start":{"line":36,"column":6},"end":{"line":36,"column":32}},"23":{"start":{"line":37,"column":6},"end":{"line":43,"column":7}},"24":{"start":{"line":38,"column":8},"end":{"line":38,"column":33}},"25":{"start":{"line":40,"column":8},"end":{"line":40,"column":51}},"26":{"start":{"line":42,"column":8},"end":{"line":42,"column":32}},"27":{"start":{"line":47,"column":21},"end":{"line":54,"column":3}},"28":{"start":{"line":48,"column":17},"end":{"line":48,"column":37}},"29":{"start":{"line":49,"column":4},"end":{"line":53,"column":7}},"30":{"start":{"line":56,"column":2},"end":{"line":137,"column":4}},"31":{"start":{"line":62,"column":25},"end":{"line":62,"column":53}},"32":{"start":{"line":79,"column":31},"end":{"line":79,"column":83}},"33":{"start":{"line":87,"column":31},"end":{"line":87,"column":85}},"34":{"start":{"line":113,"column":12},"end":{"line":132,"column":18}},"35":{"start":{"line":126,"column":31},"end":{"line":126,"column":57}}},"fnMap":{"0":{"name":"(anonymous_0)","decl":{"start":{"line":5,"column":22},"end":{"line":5,"column":23}},"loc":{"start":{"line":5,"column":60},"end":{"line":138,"column":1}},"line":5},"1":{"name":"(anonymous_1)","decl":{"start":{"line":13,"column":24},"end":{"line":13,"column":25}},"loc":{"start":{"line":13,"column":37},"end":{"line":32,"column":3}},"line":13},"2":{"name":"(anonymous_2)","decl":{"start":{"line":34,"column":39},"end":{"line":34,"column":40}},"loc":{"start":{"line":34,"column":57},"end":{"line":45,"column":3}},"line":34},"3":{"name":"(anonymous_3)","decl":{"start":{"line":47,"column":21},"end":{"line":47,"column":22}},"loc":{"start":{"line":47,"column":37},"end":{"line":54,"column":3}},"line":47},"4":{"name":"(anonymous_4)","decl":{"start":{"line":62,"column":19},"end":{"line":62,"column":20}},"loc":{"start":{"line":62,"column":25},"end":{"line":62,"column":53}},"line":62},"5":{"name":"(anonymous_5)","decl":{"start":{"line":79,"column":24},"end":{"line":79,"column":25}},"loc":{"start":{"line":79,"column":31},"end":{"line":79,"column":83}},"line":79},"6":{"name":"(anonymous_6)","decl":{"start":{"line":87,"column":24},"end":{"line":87,"column":25}},"loc":{"start":{"line":87,"column":31},"end":{"line":87,"column":85}},"line":87},"7":{"name":"(anonymous_7)","decl":{"start":{"line":112,"column":29},"end":{"line":112,"column":30}},"loc":{"start":{"line":113,"column":12},"end":{"line":132,"column":18}},"line":113},"8":{"name":"(anonymous_8)","decl":{"start":{"line":126,"column":25},"end":{"line":126,"column":26}},"loc":{"start":{"line":126,"column":31},"end":{"line":126,"column":57}},"line":126}},"branchMap":{"0":{"loc":{"start":{"line":5,"column":33},"end":{"line":5,"column":53}},"type":"default-arg","locations":[{"start":{"line":5,"column":48},"end":{"line":5,"column":53}}],"line":5},"1":{"loc":{"start":{"line":17,"column":4},"end":{"line":20,"column":5}},"type":"if","locations":[{"start":{"line":17,"column":4},"end":{"line":20,"column":5}},{"start":{},"end":{}}],"line":17},"2":{"loc":{"start":{"line":17,"column":8},"end":{"line":17,"column":60}},"type":"binary-expr","locations":[{"start":{"line":17,"column":8},"end":{"line":17,"column":31}},{"start":{"line":17,"column":35},"end":{"line":17,"column":60}}],"line":17},"3":{"loc":{"start":{"line":28,"column":19},"end":{"line":28,"column":70}},"type":"binary-expr","locations":[{"start":{"line":28,"column":19},"end":{"line":28,"column":46}},{"start":{"line":28,"column":50},"end":{"line":28,"column":70}}],"line":28},"4":{"loc":{"start":{"line":35,"column":4},"end":{"line":44,"column":5}},"type":"if","locations":[{"start":{"line":35,"column":4},"end":{"line":44,"column":5}},{"start":{},"end":{}}],"line":35},"5":{"loc":{"start":{"line":64,"column":11},"end":{"line":64,"column":43}},"type":"cond-expr","locations":[{"start":{"line":64,"column":25},"end":{"line":64,"column":28}},{"start":{"line":64,"column":31},"end":{"line":64,"column":43}}],"line":64},"6":{"loc":{"start":{"line":68,"column":7},"end":{"line":68,"column":59}},"type":"binary-expr","locations":[{"start":{"line":68,"column":7},"end":{"line":68,"column":12}},{"start":{"line":68,"column":16},"end":{"line":68,"column":59}}],"line":68},"7":{"loc":{"start":{"line":70,"column":7},"end":{"line":101,"column":7}},"type":"binary-expr","locations":[{"start":{"line":70,"column":7},"end":{"line":70,"column":18}},{"start":{"line":71,"column":8},"end":{"line":100,"column":15}}],"line":70},"8":{"loc":{"start":{"line":72,"column":11},"end":{"line":72,"column":75}},"type":"binary-expr","locations":[{"start":{"line":72,"column":11},"end":{"line":72,"column":20}},{"start":{"line":72,"column":24},"end":{"line":72,"column":75}}],"line":72},"9":{"loc":{"start":{"line":98,"column":13},"end":{"line":98,"column":50}},"type":"cond-expr","locations":[{"start":{"line":98,"column":26},"end":{"line":98,"column":37}},{"start":{"line":98,"column":40},"end":{"line":98,"column":50}}],"line":98},"10":{"loc":{"start":{"line":103,"column":7},"end":{"line":135,"column":7}},"type":"cond-expr","locations":[{"start":{"line":104,"column":8},"end":{"line":104,"column":71}},{"start":{"line":105,"column":10},"end":{"line":135,"column":7}}],"line":103},"11":{"loc":{"start":{"line":105,"column":10},"end":{"line":135,"column":7}},"type":"cond-expr","locations":[{"start":{"line":106,"column":8},"end":{"line":109,"column":14}},{"start":{"line":111,"column":8},"end":{"line":134,"column":14}}],"line":105},"12":{"loc":{"start":{"line":115,"column":47},"end":{"line":115,"column":97}},"type":"cond-expr","locations":[{"start":{"line":115,"column":77},"end":{"line":115,"column":92}},{"start":{"line":115,"column":95},"end":{"line":115,"column":97}}],"line":115},"13":{"loc":{"start":{"line":130,"column":17},"end":{"line":130,"column":56}},"type":"cond-expr","locations":[{"start":{"line":130,"column":47},"end":{"line":130,"column":50}},{"start":{"line":130,"column":53},"end":{"line":130,"column":56}}],"line":130}},"s":{"0":0,"1":0,"2":0,"3":0,"4":0,"5":0,"6":0,"7":0,"8":0,"9":0,"10":0,"11":0,"12":0,"13":0,"14":0,"15":0,"16":0,"17":0,"18":0,"19":0,"20":0,"21":0,"22":0,"23":0,"24":0,"25":0,"26":0,"27":0,"28":0,"29":0,"30":0,"31":0,"32":0,"33":0,"34":0,"35":0},"f":{"0":0,"1":0,"2":0,"3":0,"4":0,"5":0,"6":0,"7":0,"8":0},"b":{"0":[0],"1":[0,0],"2":[0,0],"3":[0,0],"4":[0,0],"5":[0,0],"6":[0,0],"7":[0,0],"8":[0,0],"9":[0,0],"10":[0,0],"11":[0,0],"12":[0,0],"13":[0,0]}}
,"/Users/neilypie/FinalProject/frontend/src/components/Header.js": {"path":"/Users/neilypie/FinalProject/frontend/src/components/Header.js","statementMap":{"0":{"start":{"line":7,"column":15},"end":{"line":72,"column":1}},"1":{"start":{"line":8,"column":44},"end":{"line":8,"column":53}},"2":{"start":{"line":9,"column":19},"end":{"line":9,"column":32}},"3":{"start":{"line":11,"column":23},"end":{"line":14,"column":3}},"4":{"start":{"line":12,"column":4},"end":{"line":12,"column":13}},"5":{"start":{"line":13,"column":4},"end":{"line":13,"column":23}},"6":{"start":{"line":16,"column":33},"end":{"line":18,"column":3}},"7":{"start":{"line":17,"column":4},"end":{"line":17,"column":65}},"8":{"start":{"line":20,"column":2},"end":{"line":71,"column":4}}},"fnMap":{"0":{"name":"(anonymous_0)","decl":{"start":{"line":7,"column":15},"end":{"line":7,"column":16}},"loc":{"start":{"line":7,"column":21},"end":{"line":72,"column":1}},"line":7},"1":{"name":"(anonymous_1)","decl":{"start":{"line":11,"column":23},"end":{"line":11,"column":24}},"loc":{"start":{"line":11,"column":29},"end":{"line":14,"column":3}},"line":11},"2":{"name":"(anonymous_2)","decl":{"start":{"line":16,"column":33},"end":{"line":16,"column":34}},"loc":{"start":{"line":16,"column":43},"end":{"line":18,"column":3}},"line":16}},"branchMap":{"0":{"loc":{"start":{"line":35,"column":11},"end":{"line":67,"column":11}},"type":"cond-expr","locations":[{"start":{"line":36,"column":12},"end":{"line":57,"column":15}},{"start":{"line":59,"column":12},"end":{"line":66,"column":15}}],"line":35}},"s":{"0":0,"1":0,"2":0,"3":0,"4":0,"5":0,"6":0,"7":0,"8":0},"f":{"0":0,"1":0,"2":0},"b":{"0":[0,0]}}
,"/Users/neilypie/FinalProject/frontend/src/components/LoginForm.js": {"path":"/Users/neilypie/FinalProject/frontend/src/components/LoginForm.js","statementMap":{"0":{"start":{"line":10,"column":18},"end":{"line":204,"column":1}},"1":{"start":{"line":11,"column":19},"end":{"line":11,"column":32}},"2":{"start":{"line":13,"column":15},"end":{"line":13,"column":36}},"3":{"start":{"line":14,"column":34},"end":{"line":14,"column":38}},"4":{"start":{"line":16,"column":34},"end":{"line":19,"column":4}},"5":{"start":{"line":21,"column":32},"end":{"line":21,"column":47}},"6":{"start":{"line":22,"column":28},"end":{"line":22,"column":42}},"7":{"start":{"line":23,"column":50},"end":{"line":23,"column":62}},"8":{"start":{"line":24,"column":38},"end":{"line":24,"column":53}},"9":{"start":{"line":27,"column":21},"end":{"line":27,"column":68}},"10":{"start":{"line":29,"column":23},"end":{"line":44,"column":16}},"11":{"start":{"line":30,"column":19},"end":{"line":30,"column":21}},"12":{"start":{"line":32,"column":4},"end":{"line":36,"column":5}},"13":{"start":{"line":33,"column":6},"end":{"line":33,"column":41}},"14":{"start":{"line":34,"column":11},"end":{"line":36,"column":5}},"15":{"start":{"line":35,"column":6},"end":{"line":35,"column":58}},"16":{"start":{"line":38,"column":4},"end":{"line":40,"column":5}},"17":{"start":{"line":39,"column":6},"end":{"line":39,"column":47}},"18":{"start":{"line":42,"column":4},"end":{"line":42,"column":32}},"19":{"start":{"line":43,"column":4},"end":{"line":43,"column":44}},"20":{"start":{"line":46,"column":23},"end":{"line":59,"column":24}},"21":{"start":{"line":47,"column":28},"end":{"line":47,"column":36}},"22":{"start":{"line":48,"column":4},"end":{"line":51,"column":8}},"23":{"start":{"line":48,"column":27},"end":{"line":51,"column":5}},"24":{"start":{"line":53,"column":4},"end":{"line":58,"column":5}},"25":{"start":{"line":54,"column":6},"end":{"line":57,"column":10}},"26":{"start":{"line":54,"column":37},"end":{"line":57,"column":7}},"27":{"start":{"line":61,"column":23},"end":{"line":114,"column":3}},"28":{"start":{"line":62,"column":4},"end":{"line":62,"column":23}},"29":{"start":{"line":63,"column":4},"end":{"line":63,"column":19}},"30":{"start":{"line":65,"column":4},"end":{"line":67,"column":5}},"31":{"start":{"line":66,"column":6},"end":{"line":66,"column":13}},"32":{"start":{"line":69,"column":4},"end":{"line":69,"column":21}},"33":{"start":{"line":71,"column":4},"end":{"line":113,"column":5}},"34":{"start":{"line":75,"column":20},"end":{"line":75,"column":35}},"35":{"start":{"line":76,"column":6},"end":{"line":85,"column":7}},"36":{"start":{"line":77,"column":8},"end":{"line":84,"column":9}},"37":{"start":{"line":79,"column":10},"end":{"line":79,"column":66}},"38":{"start":{"line":81,"column":10},"end":{"line":83,"column":12}},"39":{"start":{"line":82,"column":25},"end":{"line":82,"column":80}},"40":{"start":{"line":87,"column":23},"end":{"line":90,"column":7}},"41":{"start":{"line":92,"column":30},"end":{"line":92,"column":43}},"42":{"start":{"line":95,"column":6},"end":{"line":95,"column":25}},"43":{"start":{"line":98,"column":6},"end":{"line":102,"column":7}},"44":{"start":{"line":99,"column":8},"end":{"line":99,"column":62}},"45":{"start":{"line":101,"column":8},"end":{"line":101,"column":49}},"46":{"start":{"line":105,"column":6},"end":{"line":105,"column":29}},"47":{"start":{"line":108,"column":8},"end":{"line":108,"column":85}},"48":{"start":{"line":109,"column":6},"end":{"line":109,"column":29}},"49":{"start":{"line":110,"column":6},"end":{"line":110,"column":33}},"50":{"start":{"line":112,"column":6},"end":{"line":112,"column":24}},"51":{"start":{"line":117,"column":2},"end":{"line":126,"column":9}},"52":{"start":{"line":118,"column":28},"end":{"line":118,"column":65}},"53":{"start":{"line":119,"column":4},"end":{"line":125,"column":5}},"54":{"start":{"line":120,"column":6},"end":{"line":123,"column":10}},"55":{"start":{"line":120,"column":29},"end":{"line":123,"column":7}},"56":{"start":{"line":124,"column":6},"end":{"line":124,"column":26}},"57":{"start":{"line":128,"column":2},"end":{"line":203,"column":4}},"58":{"start":{"line":178,"column":31},"end":{"line":178,"column":62}}},"fnMap":{"0":{"name":"(anonymous_0)","decl":{"start":{"line":10,"column":18},"end":{"line":10,"column":19}},"loc":{"start":{"line":10,"column":67},"end":{"line":204,"column":1}},"line":10},"1":{"name":"(anonymous_1)","decl":{"start":{"line":29,"column":35},"end":{"line":29,"column":36}},"loc":{"start":{"line":29,"column":41},"end":{"line":44,"column":3}},"line":29},"2":{"name":"(anonymous_2)","decl":{"start":{"line":46,"column":35},"end":{"line":46,"column":36}},"loc":{"start":{"line":46,"column":42},"end":{"line":59,"column":3}},"line":46},"3":{"name":"(anonymous_3)","decl":{"start":{"line":48,"column":16},"end":{"line":48,"column":17}},"loc":{"start":{"line":48,"column":27},"end":{"line":51,"column":5}},"line":48},"4":{"name":"(anonymous_4)","decl":{"start":{"line":54,"column":26},"end":{"line":54,"column":27}},"loc":{"start":{"line":54,"column":37},"end":{"line":57,"column":7}},"line":54},"5":{"name":"(anonymous_5)","decl":{"start":{"line":61,"column":23},"end":{"line":61,"column":24}},"loc":{"start":{"line":61,"column":36},"end":{"line":114,"column":3}},"line":61},"6":{"name":"(anonymous_6)","decl":{"start":{"line":82,"column":19},"end":{"line":82,"column":20}},"loc":{"start":{"line":82,"column":25},"end":{"line":82,"column":80}},"line":82},"7":{"name":"(anonymous_7)","decl":{"start":{"line":117,"column":18},"end":{"line":117,"column":19}},"loc":{"start":{"line":117,"column":24},"end":{"line":126,"column":3}},"line":117},"8":{"name":"(anonymous_8)","decl":{"start":{"line":120,"column":18},"end":{"line":120,"column":19}},"loc":{"start":{"line":120,"column":29},"end":{"line":123,"column":7}},"line":120},"9":{"name":"(anonymous_9)","decl":{"start":{"line":178,"column":24},"end":{"line":178,"column":25}},"loc":{"start":{"line":178,"column":31},"end":{"line":178,"column":62}},"line":178}},"branchMap":{"0":{"loc":{"start":{"line":10,"column":21},"end":{"line":10,"column":43}},"type":"default-arg","locations":[{"start":{"line":10,"column":39},"end":{"line":10,"column":43}}],"line":10},"1":{"loc":{"start":{"line":10,"column":45},"end":{"line":10,"column":60}},"type":"default-arg","locations":[{"start":{"line":10,"column":56},"end":{"line":10,"column":60}}],"line":10},"2":{"loc":{"start":{"line":13,"column":15},"end":{"line":13,"column":36}},"type":"binary-expr","locations":[{"start":{"line":13,"column":15},"end":{"line":13,"column":23}},{"start":{"line":13,"column":27},"end":{"line":13,"column":36}}],"line":13},"3":{"loc":{"start":{"line":32,"column":4},"end":{"line":36,"column":5}},"type":"if","locations":[{"start":{"line":32,"column":4},"end":{"line":36,"column":5}},{"start":{"line":34,"column":11},"end":{"line":36,"column":5}}],"line":32},"4":{"loc":{"start":{"line":34,"column":11},"end":{"line":36,"column":5}},"type":"if","locations":[{"start":{"line":34,"column":11},"end":{"line":36,"column":5}},{"start":{},"end":{}}],"line":34},"5":{"loc":{"start":{"line":38,"column":4},"end":{"line":40,"column":5}},"type":"if","locations":[{"start":{"line":38,"column":4},"end":{"line":40,"column":5}},{"start":{},"end":{}}],"line":38},"6":{"loc":{"start":{"line":53,"column":4},"end":{"line":58,"column":5}},"type":"if","locations":[{"start":{"line":53,"column":4},"end":{"line":58,"column":5}},{"start":{},"end":{}}],"line":53},"7":{"loc":{"start":{"line":65,"column":4},"end":{"line":67,"column":5}},"type":"if","locations":[{"start":{"line":65,"column":4},"end":{"line":67,"column":5}},{"start":{},"end":{}}],"line":65},"8":{"loc":{"start":{"line":76,"column":6},"end":{"line":85,"column":7}},"type":"if","locations":[{"start":{"line":76,"column":6},"end":{"line":85,"column":7}},{"start":{},"end":{}}],"line":76},"9":{"loc":{"start":{"line":98,"column":6},"end":{"line":102,"column":7}},"type":"if","locations":[{"start":{"line":98,"column":6},"end":{"line":102,"column":7}},{"start":{"line":100,"column":13},"end":{"line":102,"column":7}}],"line":98},"10":{"loc":{"start":{"line":108,"column":8},"end":{"line":108,"column":85}},"type":"binary-expr","locations":[{"start":{"line":108,"column":8},"end":{"line":108,"column":35}},{"start":{"line":108,"column":39},"end":{"line":108,"column":85}}],"line":108},"11":{"loc":{"start":{"line":119,"column":4},"end":{"line":125,"column":5}},"type":"if","locations":[{"start":{"line":119,"column":4},"end":{"line":125,"column":5}},{"start":{},"end":{}}],"line":119},"12":{"loc":{"start":{"line":136,"column":9},"end":{"line":136,"column":82}},"type":"binary-expr","locations":[{"start":{"line":136,"column":9},"end":{"line":136,"column":14}},{"start":{"line":136,"column":18},"end":{"line":136,"column":82}}],"line":136},"13":{"loc":{"start":{"line":149,"column":25},"end":{"line":149,"column":72}},"type":"cond-expr","locations":[{"start":{"line":149,"column":50},"end":{"line":149,"column":67}},{"start":{"line":149,"column":70},"end":{"line":149,"column":72}}],"line":149},"14":{"loc":{"start":{"line":151,"column":13},"end":{"line":153,"column":13}},"type":"binary-expr","locations":[{"start":{"line":151,"column":13},"end":{"line":151,"column":35}},{"start":{"line":152,"column":14},"end":{"line":152,"column":79}}],"line":151},"15":{"loc":{"start":{"line":166,"column":25},"end":{"line":166,"column":75}},"type":"cond-expr","locations":[{"start":{"line":166,"column":53},"end":{"line":166,"column":70}},{"start":{"line":166,"column":73},"end":{"line":166,"column":75}}],"line":166},"16":{"loc":{"start":{"line":168,"column":13},"end":{"line":170,"column":13}},"type":"binary-expr","locations":[{"start":{"line":168,"column":13},"end":{"line":168,"column":38}},{"start":{"line":169,"column":14},"end":{"line":169,"column":82}}],"line":168},"17":{"loc":{"start":{"line":189,"column":13},"end":{"line":189,"column":49}},"type":"cond-expr","locations":[{"start":{"line":189,"column":23},"end":{"line":189,"column":38}},{"start":{"line":189,"column":41},"end":{"line":189,"column":49}}],"line":189}},"s":{"0":1,"1":6,"2":6,"3":6,"4":6,"5":6,"6":6,"7":6,"8":6,"9":6,"10":6,"11":2,"12":2,"13":1,"14":1,"15":0,"16":2,"17":1,"18":2,"19":2,"20":6,"21":2,"22":2,"23":2,"24":2,"25":0,"26":0,"27":6,"28":2,"29":2,"30":2,"31":1,"32":1,"33":1,"34":1,"35":1,"36":0,"37":0,"38":0,"39":0,"40":1,"41":1,"42":1,"43":1,"44":0,"45":1,"46":1,"47":0,"48":0,"49":0,"50":1,"51":6,"52":2,"53":2,"54":0,"55":0,"56":0,"57":6,"58":0},"f":{"0":6,"1":2,"2":2,"3":2,"4":0,"5":2,"6":0,"7":2,"8":0,"9":0},"b":{"0":[2],"1":[0],"2":[6,0],"3":[1,1],"4":[0,1],"5":[1,1],"6":[0,2],"7":[1,1],"8":[0,1],"9":[0,1],"10":[0,0],"11":[0,2],"12":[6,0],"13":[1,5],"14":[6,1],"15":[1,5],"16":[6,1],"17":[1,5]},"_coverageSchema":"1a1c01bbd47fc00a2c39e90264f33305004495a9","hash":"4e08ad7f61ed9e1318b69ae79928c13fbe82aabf"}
,"/Users/neilypie/FinalProject/frontend/src/components/PersonalInfoSettings.js": {"path":"/Users/neilypie/FinalProject/frontend/src/components/PersonalInfoSettings.js","statementMap":{"0":{"start":{"line":8,"column":19},"end":{"line":8,"column":28}},"1":{"start":{"line":9,"column":34},"end":{"line":14,"column":4}},"2":{"start":{"line":16,"column":30},"end":{"line":16,"column":42}},"3":{"start":{"line":17,"column":32},"end":{"line":17,"column":44}},"4":{"start":{"line":18,"column":40},"end":{"line":18,"column":55}},"5":{"start":{"line":19,"column":46},"end":{"line":19,"column":58}},"6":{"start":{"line":20,"column":36},"end":{"line":20,"column":50}},"7":{"start":{"line":21,"column":42},"end":{"line":21,"column":57}},"8":{"start":{"line":24,"column":2},"end":{"line":45,"column":9}},"9":{"start":{"line":25,"column":28},"end":{"line":42,"column":5}},"10":{"start":{"line":26,"column":6},"end":{"line":41,"column":7}},"11":{"start":{"line":27,"column":25},"end":{"line":27,"column":63}},"12":{"start":{"line":28,"column":8},"end":{"line":36,"column":9}},"13":{"start":{"line":29,"column":27},"end":{"line":29,"column":45}},"14":{"start":{"line":30,"column":10},"end":{"line":35,"column":13}},"15":{"start":{"line":38,"column":8},"end":{"line":38,"column":56}},"16":{"start":{"line":40,"column":8},"end":{"line":40,"column":28}},"17":{"start":{"line":44,"column":4},"end":{"line":44,"column":22}},"18":{"start":{"line":47,"column":24},"end":{"line":86,"column":3}},"19":{"start":{"line":48,"column":22},"end":{"line":48,"column":35}},"20":{"start":{"line":50,"column":4},"end":{"line":82,"column":5}},"21":{"start":{"line":52,"column":8},"end":{"line":58,"column":9}},"22":{"start":{"line":53,"column":10},"end":{"line":53,"column":81}},"23":{"start":{"line":54,"column":15},"end":{"line":58,"column":9}},"24":{"start":{"line":55,"column":10},"end":{"line":55,"column":74}},"25":{"start":{"line":57,"column":10},"end":{"line":57,"column":37}},"26":{"start":{"line":59,"column":8},"end":{"line":59,"column":14}},"27":{"start":{"line":62,"column":8},"end":{"line":68,"column":9}},"28":{"start":{"line":63,"column":10},"end":{"line":63,"column":79}},"29":{"start":{"line":64,"column":15},"end":{"line":68,"column":9}},"30":{"start":{"line":65,"column":10},"end":{"line":65,"column":72}},"31":{"start":{"line":67,"column":10},"end":{"line":67,"column":36}},"32":{"start":{"line":69,"column":8},"end":{"line":69,"column":14}},"33":{"start":{"line":72,"column":27},"end":{"line":72,"column":74}},"34":{"start":{"line":73,"column":8},"end":{"line":77,"column":9}},"35":{"start":{"line":74,"column":10},"end":{"line":74,"column":68}},"36":{"start":{"line":76,"column":10},"end":{"line":76,"column":33}},"37":{"start":{"line":78,"column":8},"end":{"line":78,"column":14}},"38":{"start":{"line":81,"column":8},"end":{"line":81,"column":14}},"39":{"start":{"line":84,"column":4},"end":{"line":84,"column":25}},"40":{"start":{"line":85,"column":4},"end":{"line":85,"column":28}},"41":{"start":{"line":88,"column":28},"end":{"line":96,"column":3}},"42":{"start":{"line":89,"column":28},"end":{"line":89,"column":36}},"43":{"start":{"line":90,"column":4},"end":{"line":93,"column":8}},"44":{"start":{"line":90,"column":27},"end":{"line":93,"column":5}},"45":{"start":{"line":94,"column":4},"end":{"line":94,"column":19}},"46":{"start":{"line":95,"column":4},"end":{"line":95,"column":31}},"47":{"start":{"line":98,"column":27},"end":{"line":131,"column":3}},"48":{"start":{"line":99,"column":17},"end":{"line":99,"column":34}},"49":{"start":{"line":100,"column":4},"end":{"line":130,"column":5}},"50":{"start":{"line":102,"column":6},"end":{"line":108,"column":7}},"51":{"start":{"line":103,"column":8},"end":{"line":106,"column":12}},"52":{"start":{"line":103,"column":29},"end":{"line":106,"column":9}},"53":{"start":{"line":107,"column":8},"end":{"line":107,"column":15}},"54":{"start":{"line":111,"column":6},"end":{"line":117,"column":7}},"55":{"start":{"line":112,"column":8},"end":{"line":115,"column":12}},"56":{"start":{"line":112,"column":29},"end":{"line":115,"column":9}},"57":{"start":{"line":116,"column":8},"end":{"line":116,"column":15}},"58":{"start":{"line":119,"column":21},"end":{"line":119,"column":37}},"59":{"start":{"line":120,"column":6},"end":{"line":128,"column":8}},"60":{"start":{"line":121,"column":8},"end":{"line":124,"column":12}},"61":{"start":{"line":121,"column":31},"end":{"line":124,"column":9}},"62":{"start":{"line":125,"column":8},"end":{"line":125,"column":37}},"63":{"start":{"line":126,"column":8},"end":{"line":126,"column":33}},"64":{"start":{"line":127,"column":8},"end":{"line":127,"column":23}},"65":{"start":{"line":129,"column":6},"end":{"line":129,"column":33}},"66":{"start":{"line":133,"column":29},"end":{"line":185,"column":3}},"67":{"start":{"line":135,"column":29},"end":{"line":135,"column":75}},"68":{"start":{"line":136,"column":28},"end":{"line":136,"column":72}},"69":{"start":{"line":137,"column":25},"end":{"line":137,"column":63}},"70":{"start":{"line":139,"column":4},"end":{"line":141,"column":5}},"71":{"start":{"line":140,"column":6},"end":{"line":140,"column":13}},"72":{"start":{"line":144,"column":20},"end":{"line":144,"column":22}},"73":{"start":{"line":146,"column":4},"end":{"line":152,"column":5}},"74":{"start":{"line":147,"column":6},"end":{"line":151,"column":9}},"75":{"start":{"line":154,"column":4},"end":{"line":160,"column":5}},"76":{"start":{"line":155,"column":6},"end":{"line":159,"column":9}},"77":{"start":{"line":162,"column":4},"end":{"line":168,"column":5}},"78":{"start":{"line":163,"column":6},"end":{"line":167,"column":9}},"79":{"start":{"line":170,"column":4},"end":{"line":176,"column":5}},"80":{"start":{"line":171,"column":6},"end":{"line":175,"column":9}},"81":{"start":{"line":178,"column":4},"end":{"line":181,"column":5}},"82":{"start":{"line":179,"column":6},"end":{"line":179,"column":40}},"83":{"start":{"line":180,"column":6},"end":{"line":180,"column":13}},"84":{"start":{"line":183,"column":4},"end":{"line":183,"column":31}},"85":{"start":{"line":184,"column":4},"end":{"line":184,"column":25}},"86":{"start":{"line":187,"column":31},"end":{"line":212,"column":3}},"87":{"start":{"line":188,"column":4},"end":{"line":188,"column":26}},"88":{"start":{"line":189,"column":4},"end":{"line":211,"column":5}},"89":{"start":{"line":190,"column":23},"end":{"line":195,"column":8}},"90":{"start":{"line":197,"column":6},"end":{"line":202,"column":7}},"91":{"start":{"line":198,"column":8},"end":{"line":198,"column":52}},"92":{"start":{"line":199,"column":8},"end":{"line":199,"column":30}},"93":{"start":{"line":200,"column":8},"end":{"line":200,"column":30}},"94":{"start":{"line":201,"column":8},"end":{"line":201,"column":22}},"95":{"start":{"line":204,"column":22},"end":{"line":204,"column":82}},"96":{"start":{"line":205,"column":6},"end":{"line":208,"column":10}},"97":{"start":{"line":205,"column":27},"end":{"line":208,"column":7}},"98":{"start":{"line":210,"column":6},"end":{"line":210,"column":29}},"99":{"start":{"line":214,"column":2},"end":{"line":216,"column":3}},"100":{"start":{"line":215,"column":4},"end":{"line":215,"column":73}},"101":{"start":{"line":218,"column":2},"end":{"line":350,"column":4}},"102":{"start":{"line":343,"column":12},"end":{"line":343,"column":34}},"103":{"start":{"line":344,"column":12},"end":{"line":344,"column":34}}},"fnMap":{"0":{"name":"PersonalInfoSettings","decl":{"start":{"line":7,"column":9},"end":{"line":7,"column":29}},"loc":{"start":{"line":7,"column":32},"end":{"line":351,"column":1}},"line":7},"1":{"name":"(anonymous_1)","decl":{"start":{"line":24,"column":12},"end":{"line":24,"column":13}},"loc":{"start":{"line":24,"column":18},"end":{"line":45,"column":3}},"line":24},"2":{"name":"(anonymous_2)","decl":{"start":{"line":25,"column":28},"end":{"line":25,"column":29}},"loc":{"start":{"line":25,"column":40},"end":{"line":42,"column":5}},"line":25},"3":{"name":"(anonymous_3)","decl":{"start":{"line":47,"column":24},"end":{"line":47,"column":25}},"loc":{"start":{"line":47,"column":41},"end":{"line":86,"column":3}},"line":47},"4":{"name":"(anonymous_4)","decl":{"start":{"line":88,"column":28},"end":{"line":88,"column":29}},"loc":{"start":{"line":88,"column":35},"end":{"line":96,"column":3}},"line":88},"5":{"name":"(anonymous_5)","decl":{"start":{"line":90,"column":16},"end":{"line":90,"column":17}},"loc":{"start":{"line":90,"column":27},"end":{"line":93,"column":5}},"line":90},"6":{"name":"(anonymous_6)","decl":{"start":{"line":98,"column":27},"end":{"line":98,"column":28}},"loc":{"start":{"line":98,"column":34},"end":{"line":131,"column":3}},"line":98},"7":{"name":"(anonymous_7)","decl":{"start":{"line":103,"column":18},"end":{"line":103,"column":19}},"loc":{"start":{"line":103,"column":29},"end":{"line":106,"column":9}},"line":103},"8":{"name":"(anonymous_8)","decl":{"start":{"line":112,"column":18},"end":{"line":112,"column":19}},"loc":{"start":{"line":112,"column":29},"end":{"line":115,"column":9}},"line":112},"9":{"name":"(anonymous_9)","decl":{"start":{"line":120,"column":22},"end":{"line":120,"column":23}},"loc":{"start":{"line":120,"column":33},"end":{"line":128,"column":7}},"line":120},"10":{"name":"(anonymous_10)","decl":{"start":{"line":121,"column":20},"end":{"line":121,"column":21}},"loc":{"start":{"line":121,"column":31},"end":{"line":124,"column":9}},"line":121},"11":{"name":"(anonymous_11)","decl":{"start":{"line":133,"column":29},"end":{"line":133,"column":30}},"loc":{"start":{"line":133,"column":41},"end":{"line":185,"column":3}},"line":133},"12":{"name":"(anonymous_12)","decl":{"start":{"line":187,"column":31},"end":{"line":187,"column":32}},"loc":{"start":{"line":187,"column":43},"end":{"line":212,"column":3}},"line":187},"13":{"name":"(anonymous_13)","decl":{"start":{"line":205,"column":16},"end":{"line":205,"column":17}},"loc":{"start":{"line":205,"column":27},"end":{"line":208,"column":7}},"line":205},"14":{"name":"(anonymous_14)","decl":{"start":{"line":342,"column":20},"end":{"line":342,"column":21}},"loc":{"start":{"line":342,"column":26},"end":{"line":345,"column":11}},"line":342}},"branchMap":{"0":{"loc":{"start":{"line":28,"column":8},"end":{"line":36,"column":9}},"type":"if","locations":[{"start":{"line":28,"column":8},"end":{"line":36,"column":9}},{"start":{},"end":{}}],"line":28},"1":{"loc":{"start":{"line":31,"column":23},"end":{"line":31,"column":47}},"type":"binary-expr","locations":[{"start":{"line":31,"column":23},"end":{"line":31,"column":41}},{"start":{"line":31,"column":45},"end":{"line":31,"column":47}}],"line":31},"2":{"loc":{"start":{"line":32,"column":22},"end":{"line":32,"column":45}},"type":"binary-expr","locations":[{"start":{"line":32,"column":22},"end":{"line":32,"column":39}},{"start":{"line":32,"column":43},"end":{"line":32,"column":45}}],"line":32},"3":{"loc":{"start":{"line":33,"column":19},"end":{"line":33,"column":39}},"type":"binary-expr","locations":[{"start":{"line":33,"column":19},"end":{"line":33,"column":33}},{"start":{"line":33,"column":37},"end":{"line":33,"column":39}}],"line":33},"4":{"loc":{"start":{"line":34,"column":28},"end":{"line":34,"column":57}},"type":"binary-expr","locations":[{"start":{"line":34,"column":28},"end":{"line":34,"column":51}},{"start":{"line":34,"column":55},"end":{"line":34,"column":57}}],"line":34},"5":{"loc":{"start":{"line":50,"column":4},"end":{"line":82,"column":5}},"type":"switch","locations":[{"start":{"line":51,"column":6},"end":{"line":59,"column":14}},{"start":{"line":61,"column":6},"end":{"line":69,"column":14}},{"start":{"line":71,"column":6},"end":{"line":78,"column":14}},{"start":{"line":80,"column":6},"end":{"line":81,"column":14}}],"line":50},"6":{"loc":{"start":{"line":52,"column":8},"end":{"line":58,"column":9}},"type":"if","locations":[{"start":{"line":52,"column":8},"end":{"line":58,"column":9}},{"start":{"line":54,"column":15},"end":{"line":58,"column":9}}],"line":52},"7":{"loc":{"start":{"line":52,"column":12},"end":{"line":52,"column":45}},"type":"binary-expr","locations":[{"start":{"line":52,"column":12},"end":{"line":52,"column":18}},{"start":{"line":52,"column":22},"end":{"line":52,"column":45}}],"line":52},"8":{"loc":{"start":{"line":54,"column":15},"end":{"line":58,"column":9}},"type":"if","locations":[{"start":{"line":54,"column":15},"end":{"line":58,"column":9}},{"start":{"line":56,"column":15},"end":{"line":58,"column":9}}],"line":54},"9":{"loc":{"start":{"line":62,"column":8},"end":{"line":68,"column":9}},"type":"if","locations":[{"start":{"line":62,"column":8},"end":{"line":68,"column":9}},{"start":{"line":64,"column":15},"end":{"line":68,"column":9}}],"line":62},"10":{"loc":{"start":{"line":62,"column":12},"end":{"line":62,"column":45}},"type":"binary-expr","locations":[{"start":{"line":62,"column":12},"end":{"line":62,"column":18}},{"start":{"line":62,"column":22},"end":{"line":62,"column":45}}],"line":62},"11":{"loc":{"start":{"line":64,"column":15},"end":{"line":68,"column":9}},"type":"if","locations":[{"start":{"line":64,"column":15},"end":{"line":68,"column":9}},{"start":{"line":66,"column":15},"end":{"line":68,"column":9}}],"line":64},"12":{"loc":{"start":{"line":73,"column":8},"end":{"line":77,"column":9}},"type":"if","locations":[{"start":{"line":73,"column":8},"end":{"line":77,"column":9}},{"start":{"line":75,"column":15},"end":{"line":77,"column":9}}],"line":73},"13":{"loc":{"start":{"line":73,"column":12},"end":{"line":73,"column":45}},"type":"binary-expr","locations":[{"start":{"line":73,"column":12},"end":{"line":73,"column":18}},{"start":{"line":73,"column":22},"end":{"line":73,"column":45}}],"line":73},"14":{"loc":{"start":{"line":100,"column":4},"end":{"line":130,"column":5}},"type":"if","locations":[{"start":{"line":100,"column":4},"end":{"line":130,"column":5}},{"start":{},"end":{}}],"line":100},"15":{"loc":{"start":{"line":102,"column":6},"end":{"line":108,"column":7}},"type":"if","locations":[{"start":{"line":102,"column":6},"end":{"line":108,"column":7}},{"start":{},"end":{}}],"line":102},"16":{"loc":{"start":{"line":111,"column":6},"end":{"line":117,"column":7}},"type":"if","locations":[{"start":{"line":111,"column":6},"end":{"line":117,"column":7}},{"start":{},"end":{}}],"line":111},"17":{"loc":{"start":{"line":139,"column":4},"end":{"line":141,"column":5}},"type":"if","locations":[{"start":{"line":139,"column":4},"end":{"line":141,"column":5}},{"start":{},"end":{}}],"line":139},"18":{"loc":{"start":{"line":139,"column":8},"end":{"line":139,"column":62}},"type":"binary-expr","locations":[{"start":{"line":139,"column":8},"end":{"line":139,"column":25}},{"start":{"line":139,"column":29},"end":{"line":139,"column":45}},{"start":{"line":139,"column":49},"end":{"line":139,"column":62}}],"line":139},"19":{"loc":{"start":{"line":146,"column":4},"end":{"line":152,"column":5}},"type":"if","locations":[{"start":{"line":146,"column":4},"end":{"line":152,"column":5}},{"start":{},"end":{}}],"line":146},"20":{"loc":{"start":{"line":154,"column":4},"end":{"line":160,"column":5}},"type":"if","locations":[{"start":{"line":154,"column":4},"end":{"line":160,"column":5}},{"start":{},"end":{}}],"line":154},"21":{"loc":{"start":{"line":162,"column":4},"end":{"line":168,"column":5}},"type":"if","locations":[{"start":{"line":162,"column":4},"end":{"line":168,"column":5}},{"start":{},"end":{}}],"line":162},"22":{"loc":{"start":{"line":170,"column":4},"end":{"line":176,"column":5}},"type":"if","locations":[{"start":{"line":170,"column":4},"end":{"line":176,"column":5}},{"start":{},"end":{}}],"line":170},"23":{"loc":{"start":{"line":170,"column":37},"end":{"line":170,"column":62}},"type":"binary-expr","locations":[{"start":{"line":170,"column":37},"end":{"line":170,"column":56}},{"start":{"line":170,"column":60},"end":{"line":170,"column":62}}],"line":170},"24":{"loc":{"start":{"line":173,"column":18},"end":{"line":173,"column":47}},"type":"binary-expr","locations":[{"start":{"line":173,"column":18},"end":{"line":173,"column":37}},{"start":{"line":173,"column":41},"end":{"line":173,"column":47}}],"line":173},"25":{"loc":{"start":{"line":174,"column":18},"end":{"line":174,"column":51}},"type":"binary-expr","locations":[{"start":{"line":174,"column":18},"end":{"line":174,"column":41}},{"start":{"line":174,"column":45},"end":{"line":174,"column":51}}],"line":174},"26":{"loc":{"start":{"line":178,"column":4},"end":{"line":181,"column":5}},"type":"if","locations":[{"start":{"line":178,"column":4},"end":{"line":181,"column":5}},{"start":{},"end":{}}],"line":178},"27":{"loc":{"start":{"line":197,"column":6},"end":{"line":202,"column":7}},"type":"if","locations":[{"start":{"line":197,"column":6},"end":{"line":202,"column":7}},{"start":{},"end":{}}],"line":197},"28":{"loc":{"start":{"line":204,"column":22},"end":{"line":204,"column":82}},"type":"binary-expr","locations":[{"start":{"line":204,"column":22},"end":{"line":204,"column":51}},{"start":{"line":204,"column":55},"end":{"line":204,"column":82}}],"line":204},"29":{"loc":{"start":{"line":214,"column":2},"end":{"line":216,"column":3}},"type":"if","locations":[{"start":{"line":214,"column":2},"end":{"line":216,"column":3}},{"start":{},"end":{}}],"line":214},"30":{"loc":{"start":{"line":228,"column":11},"end":{"line":228,"column":76}},"type":"binary-expr","locations":[{"start":{"line":228,"column":11},"end":{"line":228,"column":18}},{"start":{"line":228,"column":22},"end":{"line":228,"column":76}}],"line":228},"31":{"loc":{"start":{"line":231,"column":11},"end":{"line":231,"column":86}},"type":"binary-expr","locations":[{"start":{"line":231,"column":11},"end":{"line":231,"column":24}},{"start":{"line":231,"column":28},"end":{"line":231,"column":86}}],"line":231},"32":{"loc":{"start":{"line":244,"column":44},"end":{"line":244,"column":85}},"type":"cond-expr","locations":[{"start":{"line":244,"column":63},"end":{"line":244,"column":80}},{"start":{"line":244,"column":83},"end":{"line":244,"column":85}}],"line":244},"33":{"loc":{"start":{"line":247,"column":13},"end":{"line":249,"column":13}},"type":"binary-expr","locations":[{"start":{"line":247,"column":13},"end":{"line":247,"column":29}},{"start":{"line":248,"column":14},"end":{"line":248,"column":74}}],"line":247},"34":{"loc":{"start":{"line":263,"column":44},"end":{"line":263,"column":84}},"type":"cond-expr","locations":[{"start":{"line":263,"column":62},"end":{"line":263,"column":79}},{"start":{"line":263,"column":82},"end":{"line":263,"column":84}}],"line":263},"35":{"loc":{"start":{"line":266,"column":13},"end":{"line":268,"column":13}},"type":"binary-expr","locations":[{"start":{"line":266,"column":13},"end":{"line":266,"column":28}},{"start":{"line":267,"column":14},"end":{"line":267,"column":73}}],"line":266},"36":{"loc":{"start":{"line":282,"column":44},"end":{"line":282,"column":81}},"type":"cond-expr","locations":[{"start":{"line":282,"column":59},"end":{"line":282,"column":76}},{"start":{"line":282,"column":79},"end":{"line":282,"column":81}}],"line":282},"37":{"loc":{"start":{"line":285,"column":13},"end":{"line":287,"column":13}},"type":"binary-expr","locations":[{"start":{"line":285,"column":13},"end":{"line":285,"column":25}},{"start":{"line":286,"column":14},"end":{"line":286,"column":70}}],"line":285},"38":{"loc":{"start":{"line":308,"column":13},"end":{"line":310,"column":13}},"type":"binary-expr","locations":[{"start":{"line":308,"column":13},"end":{"line":308,"column":34}},{"start":{"line":309,"column":14},"end":{"line":309,"column":79}}],"line":308},"39":{"loc":{"start":{"line":311,"column":13},"end":{"line":320,"column":13}},"type":"binary-expr","locations":[{"start":{"line":311,"column":13},"end":{"line":311,"column":36}},{"start":{"line":311,"column":40},"end":{"line":311,"column":62}},{"start":{"line":312,"column":14},"end":{"line":319,"column":20}}],"line":311},"40":{"loc":{"start":{"line":331,"column":15},"end":{"line":331,"column":61}},"type":"cond-expr","locations":[{"start":{"line":331,"column":30},"end":{"line":331,"column":41}},{"start":{"line":331,"column":44},"end":{"line":331,"column":61}}],"line":331},"41":{"loc":{"start":{"line":338,"column":7},"end":{"line":348,"column":7}},"type":"binary-expr","locations":[{"start":{"line":338,"column":7},"end":{"line":338,"column":18}},{"start":{"line":339,"column":8},"end":{"line":347,"column":10}}],"line":338}},"s":{"0":0,"1":0,"2":0,"3":0,"4":0,"5":0,"6":0,"7":0,"8":0,"9":0,"10":0,"11":0,"12":0,"13":0,"14":0,"15":0,"16":0,"17":0,"18":0,"19":0,"20":0,"21":0,"22":0,"23":0,"24":0,"25":0,"26":0,"27":0,"28":0,"29":0,"30":0,"31":0,"32":0,"33":0,"34":0,"35":0,"36":0,"37":0,"38":0,"39":0,"40":0,"41":0,"42":0,"43":0,"44":0,"45":0,"46":0,"47":0,"48":0,"49":0,"50":0,"51":0,"52":0,"53":0,"54":0,"55":0,"56":0,"57":0,"58":0,"59":0,"60":0,"61":0,"62":0,"63":0,"64":0,"65":0,"66":0,"67":0,"68":0,"69":0,"70":0,"71":0,"72":0,"73":0,"74":0,"75":0,"76":0,"77":0,"78":0,"79":0,"80":0,"81":0,"82":0,"83":0,"84":0,"85":0,"86":0,"87":0,"88":0,"89":0,"90":0,"91":0,"92":0,"93":0,"94":0,"95":0,"96":0,"97":0,"98":0,"99":0,"100":0,"101":0,"102":0,"103":0},"f":{"0":0,"1":0,"2":0,"3":0,"4":0,"5":0,"6":0,"7":0,"8":0,"9":0,"10":0,"11":0,"12":0,"13":0,"14":0},"b":{"0":[0,0],"1":[0,0],"2":[0,0],"3":[0,0],"4":[0,0],"5":[0,0,0,0],"6":[0,0],"7":[0,0],"8":[0,0],"9":[0,0],"10":[0,0],"11":[0,0],"12":[0,0],"13":[0,0],"14":[0,0],"15":[0,0],"16":[0,0],"17":[0,0],"18":[0,0,0],"19":[0,0],"20":[0,0],"21":[0,0],"22":[0,0],"23":[0,0],"24":[0,0],"25":[0,0],"26":[0,0],"27":[0,0],"28":[0,0],"29":[0,0],"30":[0,0],"31":[0,0],"32":[0,0],"33":[0,0],"34":[0,0],"35":[0,0],"36":[0,0],"37":[0,0],"38":[0,0],"39":[0,0,0],"40":[0,0],"41":[0,0]}}
,"/Users/neilypie/FinalProject/frontend/src/components/ProtectedRoute.js": {"path":"/Users/neilypie/FinalProject/frontend/src/components/ProtectedRoute.js","statementMap":{"0":{"start":{"line":5,"column":23},"end":{"line":21,"column":1}},"1":{"start":{"line":6,"column":39},"end":{"line":6,"column":48}},"2":{"start":{"line":8,"column":2},"end":{"line":14,"column":3}},"3":{"start":{"line":9,"column":4},"end":{"line":13,"column":6}},"4":{"start":{"line":16,"column":2},"end":{"line":18,"column":3}},"5":{"start":{"line":17,"column":4},"end":{"line":17,"column":44}},"6":{"start":{"line":20,"column":2},"end":{"line":20,"column":18}}},"fnMap":{"0":{"name":"(anonymous_0)","decl":{"start":{"line":5,"column":23},"end":{"line":5,"column":24}},"loc":{"start":{"line":5,"column":41},"end":{"line":21,"column":1}},"line":5}},"branchMap":{"0":{"loc":{"start":{"line":8,"column":2},"end":{"line":14,"column":3}},"type":"if","locations":[{"start":{"line":8,"column":2},"end":{"line":14,"column":3}},{"start":{},"end":{}}],"line":8},"1":{"loc":{"start":{"line":16,"column":2},"end":{"line":18,"column":3}},"type":"if","locations":[{"start":{"line":16,"column":2},"end":{"line":18,"column":3}},{"start":{},"end":{}}],"line":16}},"s":{"0":0,"1":0,"2":0,"3":0,"4":0,"5":0,"6":0},"f":{"0":0},"b":{"0":[0,0],"1":[0,0]}}
,"/Users/neilypie/FinalProject/frontend/src/components/RecentSearches.js": {"path":"/Users/neilypie/FinalProject/frontend/src/components/RecentSearches.js","statementMap":{"0":{"start":{"line":6,"column":23},"end":{"line":81,"column":1}},"1":{"start":{"line":7,"column":19},"end":{"line":7,"column":32}},"2":{"start":{"line":8,"column":60},"end":{"line":8,"column":85}},"3":{"start":{"line":10,"column":25},"end":{"line":18,"column":3}},"4":{"start":{"line":11,"column":4},"end":{"line":17,"column":5}},"5":{"start":{"line":12,"column":6},"end":{"line":16,"column":7}},"6":{"start":{"line":13,"column":8},"end":{"line":13,"column":30}},"7":{"start":{"line":15,"column":8},"end":{"line":15,"column":55}},"8":{"start":{"line":20,"column":21},"end":{"line":31,"column":3}},"9":{"start":{"line":21,"column":17},"end":{"line":21,"column":37}},"10":{"start":{"line":22,"column":16},"end":{"line":22,"column":26}},"11":{"start":{"line":23,"column":26},"end":{"line":23,"column":57}},"12":{"start":{"line":25,"column":4},"end":{"line":25,"column":46}},"13":{"start":{"line":25,"column":28},"end":{"line":25,"column":46}},"14":{"start":{"line":26,"column":4},"end":{"line":26,"column":78}},"15":{"start":{"line":26,"column":30},"end":{"line":26,"column":78}},"16":{"start":{"line":27,"column":4},"end":{"line":27,"column":81}},"17":{"start":{"line":27,"column":31},"end":{"line":27,"column":81}},"18":{"start":{"line":28,"column":4},"end":{"line":28,"column":83}},"19":{"start":{"line":28,"column":32},"end":{"line":28,"column":83}},"20":{"start":{"line":30,"column":4},"end":{"line":30,"column":37}},"21":{"start":{"line":33,"column":2},"end":{"line":80,"column":4}},"22":{"start":{"line":60,"column":12},"end":{"line":75,"column":17}},"23":{"start":{"line":69,"column":18},"end":{"line":69,"column":74}}},"fnMap":{"0":{"name":"(anonymous_0)","decl":{"start":{"line":6,"column":23},"end":{"line":6,"column":24}},"loc":{"start":{"line":6,"column":39},"end":{"line":81,"column":1}},"line":6},"1":{"name":"(anonymous_1)","decl":{"start":{"line":10,"column":25},"end":{"line":10,"column":26}},"loc":{"start":{"line":10,"column":37},"end":{"line":18,"column":3}},"line":10},"2":{"name":"(anonymous_2)","decl":{"start":{"line":20,"column":21},"end":{"line":20,"column":22}},"loc":{"start":{"line":20,"column":37},"end":{"line":31,"column":3}},"line":20},"3":{"name":"(anonymous_3)","decl":{"start":{"line":59,"column":30},"end":{"line":59,"column":31}},"loc":{"start":{"line":60,"column":12},"end":{"line":75,"column":17}},"line":60},"4":{"name":"(anonymous_4)","decl":{"start":{"line":67,"column":25},"end":{"line":67,"column":26}},"loc":{"start":{"line":67,"column":31},"end":{"line":70,"column":17}},"line":67}},"branchMap":{"0":{"loc":{"start":{"line":11,"column":4},"end":{"line":17,"column":5}},"type":"if","locations":[{"start":{"line":11,"column":4},"end":{"line":17,"column":5}},{"start":{},"end":{}}],"line":11},"1":{"loc":{"start":{"line":25,"column":4},"end":{"line":25,"column":46}},"type":"if","locations":[{"start":{"line":25,"column":4},"end":{"line":25,"column":46}},{"start":{},"end":{}}],"line":25},"2":{"loc":{"start":{"line":26,"column":4},"end":{"line":26,"column":78}},"type":"if","locations":[{"start":{"line":26,"column":4},"end":{"line":26,"column":78}},{"start":{},"end":{}}],"line":26},"3":{"loc":{"start":{"line":27,"column":4},"end":{"line":27,"column":81}},"type":"if","locations":[{"start":{"line":27,"column":4},"end":{"line":27,"column":81}},{"start":{},"end":{}}],"line":27},"4":{"loc":{"start":{"line":28,"column":4},"end":{"line":28,"column":83}},"type":"if","locations":[{"start":{"line":28,"column":4},"end":{"line":28,"column":83}},{"start":{},"end":{}}],"line":28},"5":{"loc":{"start":{"line":37,"column":9},"end":{"line":45,"column":9}},"type":"binary-expr","locations":[{"start":{"line":37,"column":9},"end":{"line":37,"column":34}},{"start":{"line":38,"column":10},"end":{"line":44,"column":19}}],"line":37},"6":{"loc":{"start":{"line":48,"column":7},"end":{"line":48,"column":59}},"type":"binary-expr","locations":[{"start":{"line":48,"column":7},"end":{"line":48,"column":12}},{"start":{"line":48,"column":16},"end":{"line":48,"column":59}}],"line":48},"7":{"loc":{"start":{"line":50,"column":7},"end":{"line":78,"column":7}},"type":"cond-expr","locations":[{"start":{"line":51,"column":8},"end":{"line":51,"column":72}},{"start":{"line":52,"column":10},"end":{"line":78,"column":7}}],"line":50},"8":{"loc":{"start":{"line":52,"column":10},"end":{"line":78,"column":7}},"type":"cond-expr","locations":[{"start":{"line":53,"column":8},"end":{"line":56,"column":14}},{"start":{"line":58,"column":8},"end":{"line":77,"column":13}}],"line":52}},"s":{"0":0,"1":0,"2":0,"3":0,"4":0,"5":0,"6":0,"7":0,"8":0,"9":0,"10":0,"11":0,"12":0,"13":0,"14":0,"15":0,"16":0,"17":0,"18":0,"19":0,"20":0,"21":0,"22":0,"23":0},"f":{"0":0,"1":0,"2":0,"3":0,"4":0},"b":{"0":[0,0],"1":[0,0],"2":[0,0],"3":[0,0],"4":[0,0],"5":[0,0],"6":[0,0],"7":[0,0],"8":[0,0]}}
,"/Users/neilypie/FinalProject/frontend/src/components/RegisterForm.js": {"path":"/Users/neilypie/FinalProject/frontend/src/components/RegisterForm.js","statementMap":{"0":{"start":{"line":7,"column":21},"end":{"line":244,"column":1}},"1":{"start":{"line":8,"column":19},"end":{"line":8,"column":32}},"2":{"start":{"line":9,"column":51},"end":{"line":9,"column":60}},"3":{"start":{"line":11,"column":34},"end":{"line":17,"column":4}},"4":{"start":{"line":19,"column":32},"end":{"line":19,"column":47}},"5":{"start":{"line":20,"column":28},"end":{"line":20,"column":42}},"6":{"start":{"line":21,"column":50},"end":{"line":21,"column":62}},"7":{"start":{"line":22,"column":46},"end":{"line":22,"column":58}},"8":{"start":{"line":25,"column":21},"end":{"line":25,"column":68}},"9":{"start":{"line":27,"column":23},"end":{"line":62,"column":16}},"10":{"start":{"line":28,"column":19},"end":{"line":28,"column":21}},"11":{"start":{"line":30,"column":4},"end":{"line":34,"column":5}},"12":{"start":{"line":31,"column":6},"end":{"line":31,"column":50}},"13":{"start":{"line":32,"column":11},"end":{"line":34,"column":5}},"14":{"start":{"line":33,"column":6},"end":{"line":33,"column":68}},"15":{"start":{"line":36,"column":4},"end":{"line":40,"column":5}},"16":{"start":{"line":37,"column":6},"end":{"line":37,"column":48}},"17":{"start":{"line":38,"column":11},"end":{"line":40,"column":5}},"18":{"start":{"line":39,"column":6},"end":{"line":39,"column":66}},"19":{"start":{"line":42,"column":4},"end":{"line":46,"column":5}},"20":{"start":{"line":43,"column":6},"end":{"line":43,"column":41}},"21":{"start":{"line":44,"column":11},"end":{"line":46,"column":5}},"22":{"start":{"line":45,"column":6},"end":{"line":45,"column":58}},"23":{"start":{"line":48,"column":4},"end":{"line":52,"column":5}},"24":{"start":{"line":49,"column":6},"end":{"line":49,"column":47}},"25":{"start":{"line":50,"column":11},"end":{"line":52,"column":5}},"26":{"start":{"line":51,"column":6},"end":{"line":51,"column":65}},"27":{"start":{"line":54,"column":4},"end":{"line":58,"column":5}},"28":{"start":{"line":55,"column":6},"end":{"line":55,"column":62}},"29":{"start":{"line":56,"column":11},"end":{"line":58,"column":5}},"30":{"start":{"line":57,"column":6},"end":{"line":57,"column":56}},"31":{"start":{"line":60,"column":4},"end":{"line":60,"column":32}},"32":{"start":{"line":61,"column":4},"end":{"line":61,"column":44}},"33":{"start":{"line":64,"column":23},"end":{"line":77,"column":24}},"34":{"start":{"line":65,"column":28},"end":{"line":65,"column":36}},"35":{"start":{"line":66,"column":4},"end":{"line":69,"column":8}},"36":{"start":{"line":66,"column":27},"end":{"line":69,"column":5}},"37":{"start":{"line":71,"column":4},"end":{"line":76,"column":5}},"38":{"start":{"line":72,"column":6},"end":{"line":75,"column":10}},"39":{"start":{"line":72,"column":37},"end":{"line":75,"column":7}},"40":{"start":{"line":79,"column":23},"end":{"line":118,"column":3}},"41":{"start":{"line":80,"column":4},"end":{"line":80,"column":23}},"42":{"start":{"line":81,"column":4},"end":{"line":81,"column":19}},"43":{"start":{"line":82,"column":4},"end":{"line":82,"column":26}},"44":{"start":{"line":84,"column":4},"end":{"line":86,"column":5}},"45":{"start":{"line":85,"column":6},"end":{"line":85,"column":13}},"46":{"start":{"line":88,"column":4},"end":{"line":88,"column":21}},"47":{"start":{"line":90,"column":4},"end":{"line":117,"column":5}},"48":{"start":{"line":91,"column":23},"end":{"line":96,"column":7}},"49":{"start":{"line":98,"column":30},"end":{"line":98,"column":43}},"50":{"start":{"line":101,"column":6},"end":{"line":101,"column":32}},"51":{"start":{"line":104,"column":6},"end":{"line":104,"column":85}},"52":{"start":{"line":107,"column":6},"end":{"line":109,"column":15}},"53":{"start":{"line":108,"column":8},"end":{"line":108,"column":31}},"54":{"start":{"line":112,"column":8},"end":{"line":112,"column":79}},"55":{"start":{"line":113,"column":6},"end":{"line":113,"column":29}},"56":{"start":{"line":114,"column":6},"end":{"line":114,"column":33}},"57":{"start":{"line":116,"column":6},"end":{"line":116,"column":24}},"58":{"start":{"line":120,"column":2},"end":{"line":243,"column":4}}},"fnMap":{"0":{"name":"(anonymous_0)","decl":{"start":{"line":7,"column":21},"end":{"line":7,"column":22}},"loc":{"start":{"line":7,"column":27},"end":{"line":244,"column":1}},"line":7},"1":{"name":"(anonymous_1)","decl":{"start":{"line":27,"column":35},"end":{"line":27,"column":36}},"loc":{"start":{"line":27,"column":41},"end":{"line":62,"column":3}},"line":27},"2":{"name":"(anonymous_2)","decl":{"start":{"line":64,"column":35},"end":{"line":64,"column":36}},"loc":{"start":{"line":64,"column":42},"end":{"line":77,"column":3}},"line":64},"3":{"name":"(anonymous_3)","decl":{"start":{"line":66,"column":16},"end":{"line":66,"column":17}},"loc":{"start":{"line":66,"column":27},"end":{"line":69,"column":5}},"line":66},"4":{"name":"(anonymous_4)","decl":{"start":{"line":72,"column":26},"end":{"line":72,"column":27}},"loc":{"start":{"line":72,"column":37},"end":{"line":75,"column":7}},"line":72},"5":{"name":"(anonymous_5)","decl":{"start":{"line":79,"column":23},"end":{"line":79,"column":24}},"loc":{"start":{"line":79,"column":36},"end":{"line":118,"column":3}},"line":79},"6":{"name":"(anonymous_6)","decl":{"start":{"line":107,"column":17},"end":{"line":107,"column":18}},"loc":{"start":{"line":107,"column":23},"end":{"line":109,"column":7}},"line":107}},"branchMap":{"0":{"loc":{"start":{"line":30,"column":4},"end":{"line":34,"column":5}},"type":"if","locations":[{"start":{"line":30,"column":4},"end":{"line":34,"column":5}},{"start":{"line":32,"column":11},"end":{"line":34,"column":5}}],"line":30},"1":{"loc":{"start":{"line":32,"column":11},"end":{"line":34,"column":5}},"type":"if","locations":[{"start":{"line":32,"column":11},"end":{"line":34,"column":5}},{"start":{},"end":{}}],"line":32},"2":{"loc":{"start":{"line":36,"column":4},"end":{"line":40,"column":5}},"type":"if","locations":[{"start":{"line":36,"column":4},"end":{"line":40,"column":5}},{"start":{"line":38,"column":11},"end":{"line":40,"column":5}}],"line":36},"3":{"loc":{"start":{"line":38,"column":11},"end":{"line":40,"column":5}},"type":"if","locations":[{"start":{"line":38,"column":11},"end":{"line":40,"column":5}},{"start":{},"end":{}}],"line":38},"4":{"loc":{"start":{"line":42,"column":4},"end":{"line":46,"column":5}},"type":"if","locations":[{"start":{"line":42,"column":4},"end":{"line":46,"column":5}},{"start":{"line":44,"column":11},"end":{"line":46,"column":5}}],"line":42},"5":{"loc":{"start":{"line":44,"column":11},"end":{"line":46,"column":5}},"type":"if","locations":[{"start":{"line":44,"column":11},"end":{"line":46,"column":5}},{"start":{},"end":{}}],"line":44},"6":{"loc":{"start":{"line":48,"column":4},"end":{"line":52,"column":5}},"type":"if","locations":[{"start":{"line":48,"column":4},"end":{"line":52,"column":5}},{"start":{"line":50,"column":11},"end":{"line":52,"column":5}}],"line":48},"7":{"loc":{"start":{"line":50,"column":11},"end":{"line":52,"column":5}},"type":"if","locations":[{"start":{"line":50,"column":11},"end":{"line":52,"column":5}},{"start":{},"end":{}}],"line":50},"8":{"loc":{"start":{"line":54,"column":4},"end":{"line":58,"column":5}},"type":"if","locations":[{"start":{"line":54,"column":4},"end":{"line":58,"column":5}},{"start":{"line":56,"column":11},"end":{"line":58,"column":5}}],"line":54},"9":{"loc":{"start":{"line":56,"column":11},"end":{"line":58,"column":5}},"type":"if","locations":[{"start":{"line":56,"column":11},"end":{"line":58,"column":5}},{"start":{},"end":{}}],"line":56},"10":{"loc":{"start":{"line":71,"column":4},"end":{"line":76,"column":5}},"type":"if","locations":[{"start":{"line":71,"column":4},"end":{"line":76,"column":5}},{"start":{},"end":{}}],"line":71},"11":{"loc":{"start":{"line":84,"column":4},"end":{"line":86,"column":5}},"type":"if","locations":[{"start":{"line":84,"column":4},"end":{"line":86,"column":5}},{"start":{},"end":{}}],"line":84},"12":{"loc":{"start":{"line":112,"column":8},"end":{"line":112,"column":79}},"type":"binary-expr","locations":[{"start":{"line":112,"column":8},"end":{"line":112,"column":35}},{"start":{"line":112,"column":39},"end":{"line":112,"column":79}}],"line":112},"13":{"loc":{"start":{"line":128,"column":9},"end":{"line":128,"column":82}},"type":"binary-expr","locations":[{"start":{"line":128,"column":9},"end":{"line":128,"column":14}},{"start":{"line":128,"column":18},"end":{"line":128,"column":82}}],"line":128},"14":{"loc":{"start":{"line":129,"column":9},"end":{"line":131,"column":9}},"type":"binary-expr","locations":[{"start":{"line":129,"column":9},"end":{"line":129,"column":23}},{"start":{"line":130,"column":10},"end":{"line":130,"column":85}}],"line":129},"15":{"loc":{"start":{"line":145,"column":27},"end":{"line":145,"column":78}},"type":"cond-expr","locations":[{"start":{"line":145,"column":56},"end":{"line":145,"column":73}},{"start":{"line":145,"column":76},"end":{"line":145,"column":78}}],"line":145},"16":{"loc":{"start":{"line":147,"column":15},"end":{"line":149,"column":15}},"type":"binary-expr","locations":[{"start":{"line":147,"column":15},"end":{"line":147,"column":41}},{"start":{"line":148,"column":16},"end":{"line":148,"column":85}}],"line":147},"17":{"loc":{"start":{"line":162,"column":27},"end":{"line":162,"column":77}},"type":"cond-expr","locations":[{"start":{"line":162,"column":55},"end":{"line":162,"column":72}},{"start":{"line":162,"column":75},"end":{"line":162,"column":77}}],"line":162},"18":{"loc":{"start":{"line":164,"column":15},"end":{"line":166,"column":15}},"type":"binary-expr","locations":[{"start":{"line":164,"column":15},"end":{"line":164,"column":40}},{"start":{"line":165,"column":16},"end":{"line":165,"column":84}}],"line":164},"19":{"loc":{"start":{"line":180,"column":25},"end":{"line":180,"column":72}},"type":"cond-expr","locations":[{"start":{"line":180,"column":50},"end":{"line":180,"column":67}},{"start":{"line":180,"column":70},"end":{"line":180,"column":72}}],"line":180},"20":{"loc":{"start":{"line":182,"column":13},"end":{"line":184,"column":13}},"type":"binary-expr","locations":[{"start":{"line":182,"column":13},"end":{"line":182,"column":35}},{"start":{"line":183,"column":14},"end":{"line":183,"column":79}}],"line":182},"21":{"loc":{"start":{"line":197,"column":25},"end":{"line":197,"column":75}},"type":"cond-expr","locations":[{"start":{"line":197,"column":53},"end":{"line":197,"column":70}},{"start":{"line":197,"column":73},"end":{"line":197,"column":75}}],"line":197},"22":{"loc":{"start":{"line":199,"column":13},"end":{"line":201,"column":13}},"type":"binary-expr","locations":[{"start":{"line":199,"column":13},"end":{"line":199,"column":38}},{"start":{"line":200,"column":14},"end":{"line":200,"column":82}}],"line":199},"23":{"loc":{"start":{"line":217,"column":25},"end":{"line":217,"column":82}},"type":"cond-expr","locations":[{"start":{"line":217,"column":60},"end":{"line":217,"column":77}},{"start":{"line":217,"column":80},"end":{"line":217,"column":82}}],"line":217},"24":{"loc":{"start":{"line":219,"column":13},"end":{"line":221,"column":13}},"type":"binary-expr","locations":[{"start":{"line":219,"column":13},"end":{"line":219,"column":45}},{"start":{"line":220,"column":14},"end":{"line":220,"column":89}}],"line":219},"25":{"loc":{"start":{"line":229,"column":13},"end":{"line":229,"column":63}},"type":"cond-expr","locations":[{"start":{"line":229,"column":23},"end":{"line":229,"column":44}},{"start":{"line":229,"column":47},"end":{"line":229,"column":63}}],"line":229}},"s":{"0":1,"1":7,"2":7,"3":7,"4":7,"5":7,"6":7,"7":7,"8":7,"9":7,"10":1,"11":1,"12":0,"13":1,"14":0,"15":1,"16":0,"17":1,"18":0,"19":1,"20":0,"21":1,"22":0,"23":1,"24":0,"25":1,"26":0,"27":1,"28":0,"29":1,"30":1,"31":1,"32":1,"33":7,"34":5,"35":5,"36":5,"37":5,"38":0,"39":0,"40":7,"41":1,"42":1,"43":1,"44":1,"45":1,"46":0,"47":0,"48":0,"49":0,"50":0,"51":0,"52":0,"53":0,"54":0,"55":0,"56":0,"57":0,"58":7},"f":{"0":7,"1":1,"2":5,"3":5,"4":0,"5":1,"6":0},"b":{"0":[0,1],"1":[0,1],"2":[0,1],"3":[0,1],"4":[0,1],"5":[0,1],"6":[0,1],"7":[0,1],"8":[0,1],"9":[1,0],"10":[0,5],"11":[1,0],"12":[0,0],"13":[7,0],"14":[7,0],"15":[0,7],"16":[7,0],"17":[0,7],"18":[7,0],"19":[0,7],"20":[7,0],"21":[0,7],"22":[7,0],"23":[1,6],"24":[7,1],"25":[0,7]},"_coverageSchema":"1a1c01bbd47fc00a2c39e90264f33305004495a9","hash":"9cc2c345d53a73056290461aef8e66de27b08ac6"}
,"/Users/neilypie/FinalProject/frontend/src/components/SearchBar.js": {"path":"/Users/neilypie/FinalProject/frontend/src/components/SearchBar.js","statementMap":{"0":{"start":{"line":10,"column":40},"end":{"line":10,"column":52}},"1":{"start":{"line":11,"column":44},"end":{"line":11,"column":56}},"2":{"start":{"line":12,"column":40},"end":{"line":12,"column":55}},"3":{"start":{"line":13,"column":42},"end":{"line":13,"column":57}},"4":{"start":{"line":14,"column":44},"end":{"line":14,"column":56}},"5":{"start":{"line":15,"column":20},"end":{"line":15,"column":32}},"6":{"start":{"line":16,"column":19},"end":{"line":16,"column":32}},"7":{"start":{"line":17,"column":24},"end":{"line":17,"column":36}},"8":{"start":{"line":23,"column":16},"end":{"line":23,"column":32}},"9":{"start":{"line":24,"column":2},"end":{"line":35,"column":3}},"10":{"start":{"line":25,"column":4},"end":{"line":34,"column":5}},"11":{"start":{"line":27,"column":6},"end":{"line":27,"column":63}},"12":{"start":{"line":31,"column":6},"end":{"line":33,"column":8}},"13":{"start":{"line":32,"column":27},"end":{"line":32,"column":81}},"14":{"start":{"line":38,"column":24},"end":{"line":66,"column":3}},"15":{"start":{"line":39,"column":4},"end":{"line":43,"column":5}},"16":{"start":{"line":40,"column":6},"end":{"line":40,"column":27}},"17":{"start":{"line":41,"column":6},"end":{"line":41,"column":29}},"18":{"start":{"line":42,"column":6},"end":{"line":42,"column":13}},"19":{"start":{"line":45,"column":4},"end":{"line":65,"column":5}},"20":{"start":{"line":46,"column":6},"end":{"line":46,"column":27}},"21":{"start":{"line":47,"column":23},"end":{"line":47,"column":62}},"22":{"start":{"line":49,"column":22},"end":{"line":49,"column":48}},"23":{"start":{"line":51,"column":6},"end":{"line":58,"column":7}},"24":{"start":{"line":52,"column":8},"end":{"line":52,"column":45}},"25":{"start":{"line":53,"column":8},"end":{"line":53,"column":76}},"26":{"start":{"line":54,"column":8},"end":{"line":54,"column":29}},"27":{"start":{"line":56,"column":8},"end":{"line":56,"column":29}},"28":{"start":{"line":57,"column":8},"end":{"line":57,"column":31}},"29":{"start":{"line":60,"column":6},"end":{"line":60,"column":44}},"30":{"start":{"line":61,"column":6},"end":{"line":61,"column":27}},"31":{"start":{"line":62,"column":6},"end":{"line":62,"column":29}},"32":{"start":{"line":64,"column":6},"end":{"line":64,"column":28}},"33":{"start":{"line":69,"column":28},"end":{"line":83,"column":3}},"34":{"start":{"line":70,"column":18},"end":{"line":70,"column":32}},"35":{"start":{"line":71,"column":4},"end":{"line":71,"column":26}},"36":{"start":{"line":72,"column":4},"end":{"line":72,"column":25}},"37":{"start":{"line":75,"column":4},"end":{"line":77,"column":5}},"38":{"start":{"line":76,"column":6},"end":{"line":76,"column":42}},"39":{"start":{"line":80,"column":4},"end":{"line":82,"column":12}},"40":{"start":{"line":81,"column":6},"end":{"line":81,"column":27}},"41":{"start":{"line":86,"column":24},"end":{"line":114,"column":3}},"42":{"start":{"line":87,"column":4},"end":{"line":87,"column":60}},"43":{"start":{"line":87,"column":53},"end":{"line":87,"column":60}},"44":{"start":{"line":89,"column":4},"end":{"line":113,"column":5}},"45":{"start":{"line":91,"column":8},"end":{"line":91,"column":27}},"46":{"start":{"line":92,"column":8},"end":{"line":94,"column":10}},"47":{"start":{"line":93,"column":10},"end":{"line":93,"column":59}},"48":{"start":{"line":95,"column":8},"end":{"line":95,"column":14}},"49":{"start":{"line":97,"column":8},"end":{"line":97,"column":27}},"50":{"start":{"line":98,"column":8},"end":{"line":98,"column":63}},"51":{"start":{"line":98,"column":36},"end":{"line":98,"column":60}},"52":{"start":{"line":99,"column":8},"end":{"line":99,"column":14}},"53":{"start":{"line":101,"column":8},"end":{"line":101,"column":27}},"54":{"start":{"line":102,"column":8},"end":{"line":104,"column":9}},"55":{"start":{"line":103,"column":10},"end":{"line":103,"column":51}},"56":{"start":{"line":105,"column":8},"end":{"line":105,"column":14}},"57":{"start":{"line":107,"column":8},"end":{"line":107,"column":27}},"58":{"start":{"line":108,"column":8},"end":{"line":108,"column":31}},"59":{"start":{"line":109,"column":8},"end":{"line":109,"column":29}},"60":{"start":{"line":110,"column":8},"end":{"line":110,"column":14}},"61":{"start":{"line":112,"column":8},"end":{"line":112,"column":14}},"62":{"start":{"line":117,"column":21},"end":{"line":126,"column":3}},"63":{"start":{"line":118,"column":4},"end":{"line":118,"column":23}},"64":{"start":{"line":119,"column":4},"end":{"line":119,"column":25}},"65":{"start":{"line":120,"column":4},"end":{"line":120,"column":27}},"66":{"start":{"line":121,"column":4},"end":{"line":121,"column":25}},"67":{"start":{"line":123,"column":4},"end":{"line":125,"column":5}},"68":{"start":{"line":124,"column":6},"end":{"line":124,"column":25}},"69":{"start":{"line":129,"column":2},"end":{"line":138,"column":9}},"70":{"start":{"line":130,"column":31},"end":{"line":134,"column":5}},"71":{"start":{"line":131,"column":6},"end":{"line":133,"column":7}},"72":{"start":{"line":132,"column":8},"end":{"line":132,"column":31}},"73":{"start":{"line":136,"column":4},"end":{"line":136,"column":63}},"74":{"start":{"line":137,"column":4},"end":{"line":137,"column":79}},"75":{"start":{"line":137,"column":17},"end":{"line":137,"column":78}},"76":{"start":{"line":140,"column":2},"end":{"line":200,"column":4}},"77":{"start":{"line":148,"column":25},"end":{"line":148,"column":61}},"78":{"start":{"line":159,"column":12},"end":{"line":189,"column":18}},"79":{"start":{"line":164,"column":29},"end":{"line":164,"column":45}},"80":{"start":{"line":173,"column":22},"end":{"line":173,"column":54}}},"fnMap":{"0":{"name":"SearchBar","decl":{"start":{"line":9,"column":9},"end":{"line":9,"column":18}},"loc":{"start":{"line":9,"column":113},"end":{"line":201,"column":1}},"line":9},"1":{"name":"(anonymous_1)","decl":{"start":{"line":32,"column":21},"end":{"line":32,"column":22}},"loc":{"start":{"line":32,"column":27},"end":{"line":32,"column":81}},"line":32},"2":{"name":"(anonymous_2)","decl":{"start":{"line":38,"column":24},"end":{"line":38,"column":25}},"loc":{"start":{"line":38,"column":41},"end":{"line":66,"column":3}},"line":38},"3":{"name":"(anonymous_3)","decl":{"start":{"line":69,"column":28},"end":{"line":69,"column":29}},"loc":{"start":{"line":69,"column":35},"end":{"line":83,"column":3}},"line":69},"4":{"name":"(anonymous_4)","decl":{"start":{"line":80,"column":39},"end":{"line":80,"column":40}},"loc":{"start":{"line":80,"column":45},"end":{"line":82,"column":5}},"line":80},"5":{"name":"(anonymous_5)","decl":{"start":{"line":86,"column":24},"end":{"line":86,"column":25}},"loc":{"start":{"line":86,"column":31},"end":{"line":114,"column":3}},"line":86},"6":{"name":"(anonymous_6)","decl":{"start":{"line":92,"column":25},"end":{"line":92,"column":26}},"loc":{"start":{"line":93,"column":10},"end":{"line":93,"column":59}},"line":93},"7":{"name":"(anonymous_7)","decl":{"start":{"line":98,"column":25},"end":{"line":98,"column":26}},"loc":{"start":{"line":98,"column":36},"end":{"line":98,"column":60}},"line":98},"8":{"name":"(anonymous_8)","decl":{"start":{"line":117,"column":21},"end":{"line":117,"column":22}},"loc":{"start":{"line":117,"column":31},"end":{"line":126,"column":3}},"line":117},"9":{"name":"(anonymous_9)","decl":{"start":{"line":129,"column":12},"end":{"line":129,"column":13}},"loc":{"start":{"line":129,"column":18},"end":{"line":138,"column":3}},"line":129},"10":{"name":"(anonymous_10)","decl":{"start":{"line":130,"column":31},"end":{"line":130,"column":32}},"loc":{"start":{"line":130,"column":42},"end":{"line":134,"column":5}},"line":130},"11":{"name":"(anonymous_11)","decl":{"start":{"line":137,"column":11},"end":{"line":137,"column":12}},"loc":{"start":{"line":137,"column":17},"end":{"line":137,"column":78}},"line":137},"12":{"name":"(anonymous_12)","decl":{"start":{"line":148,"column":19},"end":{"line":148,"column":20}},"loc":{"start":{"line":148,"column":25},"end":{"line":148,"column":61}},"line":148},"13":{"name":"(anonymous_13)","decl":{"start":{"line":158,"column":29},"end":{"line":158,"column":30}},"loc":{"start":{"line":159,"column":12},"end":{"line":189,"column":18}},"line":159},"14":{"name":"(anonymous_14)","decl":{"start":{"line":164,"column":23},"end":{"line":164,"column":24}},"loc":{"start":{"line":164,"column":29},"end":{"line":164,"column":45}},"line":164},"15":{"name":"(anonymous_15)","decl":{"start":{"line":172,"column":29},"end":{"line":172,"column":30}},"loc":{"start":{"line":172,"column":36},"end":{"line":174,"column":21}},"line":172}},"branchMap":{"0":{"loc":{"start":{"line":9,"column":21},"end":{"line":9,"column":40}},"type":"default-arg","locations":[{"start":{"line":9,"column":36},"end":{"line":9,"column":40}}],"line":9},"1":{"loc":{"start":{"line":9,"column":42},"end":{"line":9,"column":84}},"type":"default-arg","locations":[{"start":{"line":9,"column":56},"end":{"line":9,"column":84}}],"line":9},"2":{"loc":{"start":{"line":9,"column":86},"end":{"line":9,"column":109}},"type":"default-arg","locations":[{"start":{"line":9,"column":105},"end":{"line":9,"column":109}}],"line":9},"3":{"loc":{"start":{"line":24,"column":2},"end":{"line":35,"column":3}},"type":"if","locations":[{"start":{"line":24,"column":2},"end":{"line":35,"column":3}},{"start":{},"end":{}}],"line":24},"4":{"loc":{"start":{"line":39,"column":4},"end":{"line":43,"column":5}},"type":"if","locations":[{"start":{"line":39,"column":4},"end":{"line":43,"column":5}},{"start":{},"end":{}}],"line":39},"5":{"loc":{"start":{"line":39,"column":8},"end":{"line":39,"column":43}},"type":"binary-expr","locations":[{"start":{"line":39,"column":8},"end":{"line":39,"column":14}},{"start":{"line":39,"column":18},"end":{"line":39,"column":43}}],"line":39},"6":{"loc":{"start":{"line":49,"column":22},"end":{"line":49,"column":48}},"type":"binary-expr","locations":[{"start":{"line":49,"column":22},"end":{"line":49,"column":36}},{"start":{"line":49,"column":40},"end":{"line":49,"column":48}}],"line":49},"7":{"loc":{"start":{"line":51,"column":6},"end":{"line":58,"column":7}},"type":"if","locations":[{"start":{"line":51,"column":6},"end":{"line":58,"column":7}},{"start":{"line":55,"column":13},"end":{"line":58,"column":7}}],"line":51},"8":{"loc":{"start":{"line":51,"column":10},"end":{"line":51,"column":36}},"type":"binary-expr","locations":[{"start":{"line":51,"column":10},"end":{"line":51,"column":17}},{"start":{"line":51,"column":21},"end":{"line":51,"column":36}}],"line":51},"9":{"loc":{"start":{"line":52,"column":25},"end":{"line":52,"column":43}},"type":"binary-expr","locations":[{"start":{"line":52,"column":25},"end":{"line":52,"column":37}},{"start":{"line":52,"column":41},"end":{"line":52,"column":43}}],"line":52},"10":{"loc":{"start":{"line":53,"column":24},"end":{"line":53,"column":74}},"type":"binary-expr","locations":[{"start":{"line":53,"column":25},"end":{"line":53,"column":37}},{"start":{"line":53,"column":41},"end":{"line":53,"column":64}},{"start":{"line":53,"column":69},"end":{"line":53,"column":74}}],"line":53},"11":{"loc":{"start":{"line":75,"column":4},"end":{"line":77,"column":5}},"type":"if","locations":[{"start":{"line":75,"column":4},"end":{"line":77,"column":5}},{"start":{},"end":{}}],"line":75},"12":{"loc":{"start":{"line":87,"column":4},"end":{"line":87,"column":60}},"type":"if","locations":[{"start":{"line":87,"column":4},"end":{"line":87,"column":60}},{"start":{},"end":{}}],"line":87},"13":{"loc":{"start":{"line":87,"column":8},"end":{"line":87,"column":51}},"type":"binary-expr","locations":[{"start":{"line":87,"column":8},"end":{"line":87,"column":21}},{"start":{"line":87,"column":25},"end":{"line":87,"column":51}}],"line":87},"14":{"loc":{"start":{"line":89,"column":4},"end":{"line":113,"column":5}},"type":"switch","locations":[{"start":{"line":90,"column":6},"end":{"line":95,"column":14}},{"start":{"line":96,"column":6},"end":{"line":99,"column":14}},{"start":{"line":100,"column":6},"end":{"line":105,"column":14}},{"start":{"line":106,"column":6},"end":{"line":110,"column":14}},{"start":{"line":111,"column":6},"end":{"line":112,"column":14}}],"line":89},"15":{"loc":{"start":{"line":93,"column":10},"end":{"line":93,"column":59}},"type":"cond-expr","locations":[{"start":{"line":93,"column":44},"end":{"line":93,"column":52}},{"start":{"line":93,"column":55},"end":{"lin
[...]
,"end":{"line":65,"column":5}},"27":{"start":{"line":64,"column":6},"end":{"line":64,"column":75}},"28":{"start":{"line":64,"column":43},"end":{"line":64,"column":73}},"29":{"start":{"line":66,"column":4},"end":{"line":68,"column":5}},"30":{"start":{"line":67,"column":6},"end":{"line":67,"column":75}},"31":{"start":{"line":67,"column":43},"end":{"line":67,"column":73}},"32":{"start":{"line":69,"column":4},"end":{"line":69,"column":31}},"33":{"start":{"line":72,"column":27},"end":{"line":89,"column":3}},"34":{"start":{"line":73,"column":4},"end":{"line":88,"column":5}},"35":{"start":{"line":74,"column":6},"end":{"line":74,"column":23}},"36":{"start":{"line":75,"column":6},"end":{"line":75,"column":19}},"37":{"start":{"line":76,"column":23},"end":{"line":76,"column":57}},"38":{"start":{"line":78,"column":6},"end":{"line":82,"column":7}},"39":{"start":{"line":79,"column":8},"end":{"line":79,"column":37}},"40":{"start":{"line":81,"column":8},"end":{"line":81,"column":46}},"41":{"start":{"line":84,"column":6},"end":{"line":84,"column":50}},"42":{"start":{"line":85,"column":6},"end":{"line":85,"column":67}},"43":{"start":{"line":87,"column":6},"end":{"line":87,"column":24}},"44":{"start":{"line":91,"column":28},"end":{"line":93,"column":3}},"45":{"start":{"line":92,"column":4},"end":{"line":92,"column":26}},"46":{"start":{"line":95,"column":28},"end":{"line":100,"column":3}},"47":{"start":{"line":96,"column":19},"end":{"line":96,"column":38}},"48":{"start":{"line":97,"column":4},"end":{"line":99,"column":5}},"49":{"start":{"line":98,"column":6},"end":{"line":98,"column":42}},"50":{"start":{"line":102,"column":29},"end":{"line":111,"column":3}},"51":{"start":{"line":103,"column":4},"end":{"line":103,"column":26}},"52":{"start":{"line":105,"column":4},"end":{"line":110,"column":12}},"53":{"start":{"line":106,"column":20},"end":{"line":106,"column":65}},"54":{"start":{"line":107,"column":6},"end":{"line":109,"column":7}},"55":{"start":{"line":108,"column":8},"end":{"line":108,"column":71}},"56":{"start":{"line":113,"column":2},"end":{"line":119,"column":3}},"57":{"start":{"line":114,"column":4},"end":{"line":118,"column":6}},"58":{"start":{"line":121,"column":2},"end":{"line":127,"column":3}},"59":{"start":{"line":122,"column":4},"end":{"line":126,"column":6}},"60":{"start":{"line":129,"column":2},"end":{"line":330,"column":4}},"61":{"start":{"line":148,"column":27},"end":{"line":148,"column":60}},"62":{"start":{"line":152,"column":12},"end":{"line":152,"column":65}},"63":{"start":{"line":161,"column":27},"end":{"line":161,"column":60}},"64":{"start":{"line":165,"column":12},"end":{"line":165,"column":65}},"65":{"start":{"line":172,"column":12},"end":{"line":172,"column":34}},"66":{"start":{"line":173,"column":12},"end":{"line":173,"column":34}},"67":{"start":{"line":185,"column":10},"end":{"line":185,"column":47}},"68":{"start":{"line":185,"column":18},"end":{"line":185,"column":47}},"69":{"start":{"line":194,"column":10},"end":{"line":236,"column":25}},"70":{"start":{"line":205,"column":27},"end":{"line":205,"column":50}},"71":{"start":{"line":216,"column":38},"end":{"line":216,"column":70}},"72":{"start":{"line":244,"column":27},"end":{"line":244,"column":48}},"73":{"start":{"line":256,"column":20},"end":{"line":256,"column":350}}},"fnMap":{"0":{"name":"WorldMap","decl":{"start":{"line":31,"column":9},"end":{"line":31,"column":17}},"loc":{"start":{"line":31,"column":20},"end":{"line":331,"column":1}},"line":31},"1":{"name":"(anonymous_1)","decl":{"start":{"line":44,"column":12},"end":{"line":44,"column":13}},"loc":{"start":{"line":44,"column":18},"end":{"line":46,"column":3}},"line":44},"2":{"name":"(anonymous_2)","decl":{"start":{"line":48,"column":12},"end":{"line":48,"column":13}},"loc":{"start":{"line":48,"column":18},"end":{"line":58,"column":3}},"line":48},"3":{"name":"(anonymous_3)","decl":{"start":{"line":52,"column":18},"end":{"line":52,"column":19}},"loc":{"start":{"line":52,"column":28},"end":{"line":55,"column":5}},"line":52},"4":{"name":"(anonymous_4)","decl":{"start":{"line":60,"column":12},"end":{"line":60,"column":13}},"loc":{"start":{"line":60,"column":18},"end":{"line":70,"column":3}},"line":60},"5":{"name":"(anonymous_5)","decl":{"start":{"line":64,"column":33},"end":{"line":64,"column":34}},"loc":{"start":{"line":64,"column":43},"end":{"line":64,"column":73}},"line":64},"6":{"name":"(anonymous_6)","decl":{"start":{"line":67,"column":33},"end":{"line":67,"column":34}},"loc":{"start":{"line":67,"column":43},"end":{"line":67,"column":73}},"line":67},"7":{"name":"(anonymous_7)","decl":{"start":{"line":72,"column":27},"end":{"line":72,"column":28}},"loc":{"start":{"line":72,"column":39},"end":{"line":89,"column":3}},"line":72},"8":{"name":"(anonymous_8)","decl":{"start":{"line":91,"column":28},"end":{"line":91,"column":29}},"loc":{"start":{"line":91,"column":38},"end":{"line":93,"column":3}},"line":91},"9":{"name":"(anonymous_9)","decl":{"start":{"line":95,"column":28},"end":{"line":95,"column":29}},"loc":{"start":{"line":95,"column":44},"end":{"line":100,"column":3}},"line":95},"10":{"name":"(anonymous_10)","decl":{"start":{"line":102,"column":29},"end":{"line":102,"column":30}},"loc":{"start":{"line":102,"column":39},"end":{"line":111,"column":3}},"line":102},"11":{"name":"(anonymous_11)","decl":{"start":{"line":105,"column":15},"end":{"line":105,"column":16}},"loc":{"start":{"line":105,"column":21},"end":{"line":110,"column":5}},"line":105},"12":{"name":"(anonymous_12)","decl":{"start":{"line":148,"column":20},"end":{"line":148,"column":21}},"loc":{"start":{"line":148,"column":27},"end":{"line":148,"column":60}},"line":148},"13":{"name":"(anonymous_13)","decl":{"start":{"line":151,"column":29},"end":{"line":151,"column":30}},"loc":{"start":{"line":152,"column":12},"end":{"line":152,"column":65}},"line":152},"14":{"name":"(anonymous_14)","decl":{"start":{"line":161,"column":20},"end":{"line":161,"column":21}},"loc":{"start":{"line":161,"column":27},"end":{"line":161,"column":60}},"line":161},"15":{"name":"(anonymous_15)","decl":{"start":{"line":164,"column":29},"end":{"line":164,"column":30}},"loc":{"start":{"line":165,"column":12},"end":{"line":165,"column":65}},"line":165},"16":{"name":"(anonymous_16)","decl":{"start":{"line":171,"column":19},"end":{"line":171,"column":20}},"loc":{"start":{"line":171,"column":25},"end":{"line":174,"column":11}},"line":171},"17":{"name":"(anonymous_17)","decl":{"start":{"line":184,"column":13},"end":{"line":184,"column":14}},"loc":{"start":{"line":184,"column":21},"end":{"line":186,"column":9}},"line":184},"18":{"name":"(anonymous_18)","decl":{"start":{"line":193,"column":27},"end":{"line":193,"column":28}},"loc":{"start":{"line":194,"column":10},"end":{"line":236,"column":25}},"line":194},"19":{"name":"(anonymous_19)","decl":{"start":{"line":205,"column":21},"end":{"line":205,"column":22}},"loc":{"start":{"line":205,"column":27},"end":{"line":205,"column":50}},"line":205},"20":{"name":"(anonymous_20)","decl":{"start":{"line":216,"column":29},"end":{"line":216,"column":30}},"loc":{"start":{"line":216,"column":36},"end":{"line":216,"column":72}},"line":216},"21":{"name":"(anonymous_21)","decl":{"start":{"line":244,"column":21},"end":{"line":244,"column":22}},"loc":{"start":{"line":244,"column":27},"end":{"line":244,"column":48}},"line":244},"22":{"name":"(anonymous_22)","decl":{"start":{"line":255,"column":27},"end":{"line":255,"column":28}},"loc":{"start":{"line":255,"column":34},"end":{"line":257,"column":19}},"line":255}},"branchMap":{"0":{"loc":{"start":{"line":53,"column":6},"end":{"line":53,"column":51}},"type":"if","locations":[{"start":{"line":53,"column":6},"end":{"line":53,"column":51}},{"start":{},"end":{}}],"line":53},"1":{"loc":{"start":{"line":54,"column":6},"end":{"line":54,"column":51}},"type":"if","locations":[{"start":{"line":54,"column":6},"end":{"line":54,"column":51}},{"start":{},"end":{}}],"line":54},"2":{"loc":{"start":{"line":63,"column":4},"end":{"line":65,"column":5}},"type":"if","locations":[{"start":{"line":63,"column":4},"end":{"line":65,"column":5}},{"start":{},"end":{}}],"line":63},"3":{"loc":{"start":{"line":66,"column":4},"end":{"line":68,"column":5}},"type":"if","locations":[{"start":{"line":66,"column":4},"end":{"line":68,"column":5}},{"start":{},"end":{}}],"line":66},"4":{"loc":{"start":{"line":78,"column":6},"end":{"line":82,"column":7}},"type":"if","locations":[{"start":{"line":78,"column":6},"end":{"line":82,"column":7}},{"start":{"line":80,"column":13},"end":{"line":82,"column":7}}],"line":78},"5":{"loc":{"start":{"line":97,"column":4},"end":{"line":99,"column":5}},"type":"if","locations":[{"start":{"line":97,"column":4},"end":{"line":99,"column":5}},{"start":{},"end":{}}],"line":97},"6":{"loc":{"start":{"line":97,"column":8},"end":{"line":97,"column":28}},"type":"binary-expr","locations":[{"start":{"line":97,"column":8},"end":{"line":97,"column":14}},{"start":{"line":97,"column":18},"end":{"line":97,"column":28}}],"line":97},"7":{"loc":{"start":{"line":107,"column":6},"end":{"line":109,"column":7}},"type":"if","locations":[{"start":{"line":107,"column":6},"end":{"line":109,"column":7}},{"start":{},"end":{}}],"line":107},"8":{"loc":{"start":{"line":113,"column":2},"end":{"line":119,"column":3}},"type":"if","locations":[{"start":{"line":113,"column":2},"end":{"line":119,"column":3}},{"start":{},"end":{}}],"line":113},"9":{"loc":{"start":{"line":121,"column":2},"end":{"line":127,"column":3}},"type":"if","locations":[{"start":{"line":121,"column":2},"end":{"line":127,"column":3}},{"start":{},"end":{}}],"line":121},"10":{"loc":{"start":{"line":185,"column":10},"end":{"line":185,"column":47}},"type":"if","locations":[{"start":{"line":185,"column":10},"end":{"line":185,"column":47}},{"start":{},"end":{}}],"line":185},"11":{"loc":{"start":{"line":211,"column":17},"end":{"line":218,"column":17}},"type":"binary-expr","locations":[{"start":{"line":211,"column":17},"end":{"line":211,"column":26}},{"start":{"line":212,"column":18},"end":{"line":217,"column":20}}],"line":211},"12":{"loc":{"start":{"line":219,"column":17},"end":{"line":221,"column":17}},"type":"binary-expr","locations":[{"start":{"line":219,"column":17},"end":{"line":219,"column":33}},{"start":{"line":220,"column":18},"end":{"line":220,"column":111}}],"line":219},"13":{"loc":{"start":{"line":232,"column":45},"end":{"line":232,"column":70}},"type":"binary-expr","locations":[{"start":{"line":232,"column":45},"end":{"line":232,"column":57}},{"start":{"line":232,"column":61},"end":{"line":232,"column":70}}],"line":232},"14":{"loc":{"start":{"line":240,"column":7},"end":{"line":328,"column":7}},"type":"binary-expr","locations":[{"start":{"line":240,"column":7},"end":{"line":240,"column":19}},{"start":{"line":241,"column":8},"end":{"line":327,"column":14}}],"line":240},"15":{"loc":{"start":{"line":250,"column":15},"end":{"line":261,"column":15}},"type":"cond-expr","locations":[{"start":{"line":251,"column":16},"end":{"line":258,"column":18}},{"start":{"line":260,"column":16},"end":{"line":260,"column":63}}],"line":250},"16":{"loc":{"start":{"line":264,"column":13},"end":{"line":266,"column":13}},"type":"binary-expr","locations":[{"start":{"line":264,"column":13},"end":{"line":264,"column":37}},{"start":{"line":265,"column":14},"end":{"line":265,"column":116}}],"line":264},"17":{"loc":{"start":{"line":283,"column":19},"end":{"line":283,"column":52}},"type":"binary-expr","locations":[{"start":{"line":283,"column":19},"end":{"line":283,"column":39}},{"start":{"line":283,"column":43},"end":{"line":283,"column":52}}],"line":283},"18":{"loc":{"start":{"line":288,"column":13},"end":{"line":293,"column":13}},"type":"binary-expr","locations":[{"start":{"line":288,"column":13},"end":{"line":288,"column":33}},{"start":{"line":289,"column":14},"end":{"line":292,"column":20}}],"line":288},"19":{"loc":{"start":{"line":295,"column":13},"end":{"line":325,"column":13}},"type":"binary-expr","locations":[{"start":{"line":295,"column":13},"end":{"line":295,"column":43}},{"start":{"line":296,"column":14},"end":{"line":324,"column":20}}],"line":295}},"s":{"0":0,"1":0,"2":0,"3":0,"4":0,"5":0,"6":0,"7":0,"8":0,"9":0,"10":0,"11":0,"12":0,"13":0,"14":0,"15":0,"16":0,"17":0,"18":0,"19":0,"20":0,"21":0,"22":0,"23":0,"24":0,"25":0,"26":0,"27":0,"28":0,"29":0,"30":0,"31":0,"32":0,"33":0,"34":0,"35":0,"36":0,"37":0,"38":0,"39":0,"40":0,"41":0,"42":0,"43":0,"44":0,"45":0,"46":0,"47":0,"48":0,"49":0,"50":0,"51":0,"52":0,"53":0,"54":0,"55":0,"56":0,"57":0,"58":0,"59":0,"60":0,"61":0,"62":0,"63":0,"64":0,"65":0,"66":0,"67":0,"68":0,"69":0,"70":0,"71":0,"72":0,"73":0},"f":{"0":0,"1":0,"2":0,"3":0,"4":0,"5":0,"6":0,"7":0,"8":0,"9":0,"10":0,"11":0,"12":0,"13":0,"14":0,"15":0,"16":0,"17":0,"18":0,"19":0,"20":0,"21":0,"22":0},"b":{"0":[0,0],"1":[0,0],"2":[0,0],"3":[0,0],"4":[0,0],"5":[0,0],"6":[0,0],"7":[0,0],"8":[0,0],"9":[0,0],"10":[0,0],"11":[0,0],"12":[0,0],"13":[0,0],"14":[0,0],"15":[0,0],"16":[0,0],"17":[0,0],"18":[0,0],"19":[0,0]}}
,"/Users/neilypie/FinalProject/frontend/src/services/apiService.js": {"path":"/Users/neilypie/FinalProject/frontend/src/services/apiService.js","statementMap":{"0":{"start":{"line":3,"column":16},"end":{"line":3,"column":76}},"1":{"start":{"line":5,"column":18},"end":{"line":10,"column":2}},"2":{"start":{"line":13,"column":0},"end":{"line":24,"column":2}},"3":{"start":{"line":15,"column":18},"end":{"line":15,"column":51}},"4":{"start":{"line":16,"column":4},"end":{"line":18,"column":5}},"5":{"start":{"line":17,"column":6},"end":{"line":17,"column":55}},"6":{"start":{"line":19,"column":4},"end":{"line":19,"column":18}},"7":{"start":{"line":22,"column":4},"end":{"line":22,"column":33}},"8":{"start":{"line":27,"column":0},"end":{"line":38,"column":2}},"9":{"start":{"line":28,"column":16},"end":{"line":28,"column":24}},"10":{"start":{"line":30,"column":4},"end":{"line":35,"column":5}},"11":{"start":{"line":32,"column":6},"end":{"line":32,"column":43}},"12":{"start":{"line":33,"column":6},"end":{"line":33,"column":38}},"13":{"start":{"line":34,"column":6},"end":{"line":34,"column":38}},"14":{"start":{"line":36,"column":4},"end":{"line":36,"column":33}},"15":{"start":{"line":40,"column":20},"end":{"line":56,"column":1}},"16":{"start":{"line":42,"column":4},"end":{"line":47,"column":7}},"17":{"start":{"line":51,"column":4},"end":{"line":54,"column":7}},"18":{"start":{"line":58,"column":29},"end":{"line":73,"column":1}},"19":{"start":{"line":60,"column":4},"end":{"line":60,"column":55}},"20":{"start":{"line":64,"column":4},"end":{"line":67,"column":7}},"21":{"start":{"line":71,"column":4},"end":{"line":71,"column":68}},"22":{"start":{"line":75,"column":30},"end":{"line":89,"column":1}},"23":{"start":{"line":77,"column":4},"end":{"line":77,"column":54}},"24":{"start":{"line":81,"column":4},"end":{"line":83,"column":7}},"25":{"start":{"line":87,"column":4},"end":{"line":87,"column":57}},"26":{"start":{"line":91,"column":31},"end":{"line":95,"column":1}},"27":{"start":{"line":93,"column":4},"end":{"line":93,"column":57}},"28":{"start":{"line":97,"column":21},"end":{"line":119,"column":1}},"29":{"start":{"line":99,"column":4},"end":{"line":99,"column":39}},"30":{"start":{"line":103,"column":4},"end":{"line":105,"column":7}},"31":{"start":{"line":109,"column":4},"end":{"line":109,"column":45}},"32":{"start":{"line":113,"column":4},"end":{"line":113,"column":43}},"33":{"start":{"line":117,"column":4},"end":{"line":117,"column":54}}},"fnMap":{"0":{"name":"(anonymous_0)","decl":{"start":{"line":14,"column":2},"end":{"line":14,"column":3}},"loc":{"start":{"line":14,"column":14},"end":{"line":20,"column":3}},"line":14},"1":{"name":"(anonymous_1)","decl":{"start":{"line":21,"column":2},"end":{"line":21,"column":3}},"loc":{"start":{"line":21,"column":13},"end":{"line":23,"column":3}},"line":21},"2":{"name":"(anonymous_2)","decl":{"start":{"line":28,"column":2},"end":{"line":28,"column":3}},"loc":{"start":{"line":28,"column":16},"end":{"line":28,"column":24}},"line":28},"3":{"name":"(anonymous_3)","decl":{"start":{"line":29,"column":2},"end":{"line":29,"column":3}},"loc":{"start":{"line":29,"column":13},"end":{"line":37,"column":3}},"line":29},"4":{"name":"(anonymous_4)","decl":{"start":{"line":41,"column":12},"end":{"line":41,"column":13}},"loc":{"start":{"line":41,"column":54},"end":{"line":48,"column":3}},"line":41},"5":{"name":"(anonymous_5)","decl":{"start":{"line":50,"column":9},"end":{"line":50,"column":10}},"loc":{"start":{"line":50,"column":30},"end":{"line":55,"column":3}},"line":50},"6":{"name":"(anonymous_6)","decl":{"start":{"line":59,"column":20},"end":{"line":59,"column":21}},"loc":{"start":{"line":59,"column":32},"end":{"line":61,"column":3}},"line":59},"7":{"name":"(anonymous_7)","decl":{"start":{"line":63,"column":19},"end":{"line":63,"column":20}},"loc":{"start":{"line":63,"column":49},"end":{"line":68,"column":3}},"line":63},"8":{"name":"(anonymous_8)","decl":{"start":{"line":70,"column":22},"end":{"line":70,"column":23}},"loc":{"start":{"line":70,"column":42},"end":{"line":72,"column":3}},"line":70},"9":{"name":"(anonymous_9)","decl":{"start":{"line":76,"column":21},"end":{"line":76,"column":22}},"loc":{"start":{"line":76,"column":33},"end":{"line":78,"column":3}},"line":76},"10":{"name":"(anonymous_10)","decl":{"start":{"line":80,"column":19},"end":{"line":80,"column":20}},"loc":{"start":{"line":80,"column":38},"end":{"line":84,"column":3}},"line":80},"11":{"name":"(anonymous_11)","decl":{"start":{"line":86,"column":23},"end":{"line":86,"column":24}},"loc":{"start":{"line":86,"column":35},"end":{"line":88,"column":3}},"line":86},"12":{"name":"(anonymous_12)","decl":{"start":{"line":92,"column":22},"end":{"line":92,"column":23}},"loc":{"start":{"line":92,"column":34},"end":{"line":94,"column":3}},"line":92},"13":{"name":"(anonymous_13)","decl":{"start":{"line":98,"column":18},"end":{"line":98,"column":19}},"loc":{"start":{"line":98,"column":24},"end":{"line":100,"column":3}},"line":98},"14":{"name":"(anonymous_14)","decl":{"start":{"line":102,"column":20},"end":{"line":102,"column":21}},"loc":{"start":{"line":102,"column":41},"end":{"line":106,"column":3}},"line":102},"15":{"name":"(anonymous_15)","decl":{"start":{"line":108,"column":15},"end":{"line":108,"column":16}},"loc":{"start":{"line":108,"column":27},"end":{"line":110,"column":3}},"line":108},"16":{"name":"(anonymous_16)","decl":{"start":{"line":112,"column":17},"end":{"line":112,"column":18}},"loc":{"start":{"line":112,"column":23},"end":{"line":114,"column":3}},"line":112},"17":{"name":"(anonymous_17)","decl":{"start":{"line":116,"column":15},"end":{"line":116,"column":16}},"loc":{"start":{"line":116,"column":26},"end":{"line":118,"column":3}},"line":116}},"branchMap":{"0":{"loc":{"start":{"line":3,"column":16},"end":{"line":3,"column":76}},"type":"binary-expr","locations":[{"start":{"line":3,"column":16},"end":{"line":3,"column":45}},{"start":{"line":3,"column":49},"end":{"line":3,"column":76}}],"line":3},"1":{"loc":{"start":{"line":16,"column":4},"end":{"line":18,"column":5}},"type":"if","locations":[{"start":{"line":16,"column":4},"end":{"line":18,"column":5}},{"start":{},"end":{}}],"line":16},"2":{"loc":{"start":{"line":30,"column":4},"end":{"line":35,"column":5}},"type":"if","locations":[{"start":{"line":30,"column":4},"end":{"line":35,"column":5}},{"start":{},"end":{}}],"line":30},"3":{"loc":{"start":{"line":30,"column":8},"end":{"line":30,"column":55}},"type":"binary-expr","locations":[{"start":{"line":30,"column":8},"end":{"line":30,"column":22}},{"start":{"line":30,"column":26},"end":{"line":30,"column":55}}],"line":30}},"s":{"0":0,"1":0,"2":0,"3":0,"4":0,"5":0,"6":0,"7":0,"8":0,"9":0,"10":0,"11":0,"12":0,"13":0,"14":0,"15":0,"16":0,"17":0,"18":0,"19":0,"20":0,"21":0,"22":0,"23":0,"24":0,"25":0,"26":0,"27":0,"28":0,"29":0,"30":0,"31":0,"32":0,"33":0},"f":{"0":0,"1":0,"2":0,"3":0,"4":0,"5":0,"6":0,"7":0,"8":0,"9":0,"10":0,"11":0,"12":0,"13":0,"14":0,"15":0,"16":0,"17":0},"b":{"0":[0,0],"1":[0,0],"2":[0,0],"3":[0,0]}}
}
